{"id":"E-CREATE-chat-1771576614152","task_id":"chat-1771576614152","repo_id":".","at":"2026-02-20T08:36:56.805541288Z","kind":"task_created"}
{"id":"E-AGENT-SPAWNED-chat-1771576614152-1771576621828225890","task_id":"chat-1771576614152","repo_id":".","at":"2026-02-20T08:37:01.828225890Z","kind":{"agent_spawned":{"model":"codex"}}}
{"id":"E-AGENT-COMPLETED-chat-1771576614152-1771576697213634385","task_id":"chat-1771576614152","repo_id":".","at":"2026-02-20T08:38:17.213634385Z","kind":{"agent_completed":{"model":"codex","success":true,"duration_secs":75}}}
{"id":"E-READY-chat-1771576614152-1771576697223946391","task_id":"chat-1771576614152","repo_id":".","at":"2026-02-20T08:38:17.223946391Z","kind":{"task_state_changed":{"from":"CHATTING","to":"READY"}}}
{"id":"E-VERIFY-START-chat-1771576614152-1771576699231489945","task_id":"chat-1771576614152","repo_id":".","at":"2026-02-20T08:38:19.231489945Z","kind":"verify_started"}
{"id":"E-VERIFY-DONE-chat-1771576614152-1771576699231489945","task_id":"chat-1771576614152","repo_id":".","at":"2026-02-20T08:38:19.231489945Z","kind":{"verify_completed":{"success":false}}}
{"id":"E-RETRY-STATE-chat-1771576614152-1771576699231489945","task_id":"chat-1771576614152","repo_id":".","at":"2026-02-20T08:38:19.231489945Z","kind":{"task_state_changed":{"from":"READY","to":"CHATTING"}}}
{"id":"E-RETRY-chat-1771576614152-1771576699231489945","task_id":"chat-1771576614152","repo_id":".","at":"2026-02-20T08:38:19.231489945Z","kind":{"retry_scheduled":{"attempt":1,"model":"codex","reason":"verify command `nix develop -c cargo test --all-targets --all-features` failed (exit=Some(101))\nstdout: ðŸŽ® PonziLand development environment loaded!\nðŸ“ Database URL: postgres://chaindata:chaindata@localhost/chaindata\nðŸ”§ Available tools: dojo, scarb, starkli, slot, cargo-nextest, sqlx-cli\nðŸ“œ Scripts: nix run .#migrate, nix run .#new-migration\nðŸ˜ Database: Run 'dev' to start PostgreSQL with process-compose\nstderr: warning: Git tree '/home/server/clawd/projects/PonziLand/.orch/wt/chat-1771576614152' is dirty\nevaluation warning: buildRustPackage: `useFetchCargoVendor` is nonâ€optional and enabled by default as of 25.05, remove it\nwarning: /home/server/clawd/projects/PonziLand/.orch/wt/chat-1771576614152/Cargo.toml: unused manifest key: workspace.edition\n   Compiling proc-macro2 v1.0.95\n   Compiling unicode-ident v1.0.18\n   Compiling serde v1.0.219\n   Compiling libc v0.2.172\n   Compiling cfg-if v1.0.0\n   Compiling autocfg v1.4.0\n   Compiling memchr v2.7.4\n   Compiling bytes v1.10.1\n   Compiling quote v1.0.40\n   Compiling pin-project-lite v0.2.16\n   Compiling once_cell v1.21.3\n   Compiling version_check v0.9.5\n   Compiling syn v2.0.101\n   Compiling itoa v1.0.15\n   Compiling equivalent v1.0.2\n   Compiling foldhash v0.1.5\n   Compiling allocator-api2 v0.2.21\n   Compiling subtle v2.6.1\n   Compiling typenum v1.18.0\n   Compiling generic-array v0.14.7\n   Compiling futures-core v0.3.31\n   Compiling jobserver v0.1.33\n   Compiling shlex v1.3.0\n   Compiling cc v1.2.25\n   Compiling socket2 v0.5.10\n   Compiling mio v1.0.4\n   Compiling crypto-common v0.1.6\n   Compiling lock_api v0.4.13\n   Compiling parking_lot_core v0.9.11\n   Compiling getrandom v0.2.16\n   Compiling slab v0.4.9\n   Compiling fnv v1.0.7\n   Compiling scopeguard v1.2.0\n   Compiling block-buffer v0.10.4\n   Compiling digest v0.10.7\n   Compiling zerocopy v0.8.25\n   Compiling futures-task v0.3.31\n   Compiling futures-io v0.3.31\n   Compiling pin-utils v0.1.0\n   Compiling log v0.4.27\n   Compiling ryu v1.0.20\n   Compiling cpufeatures v0.2.17\n   Compiling stable_deref_trait v1.2.0\n   Compiling tracing-core v0.1.33\n   Compiling num-traits v0.2.19\n   Compiling zeroize v1.8.1\n   Compiling sha2 v0.10.9\n   Compiling rand_core v0.6.4\n   Compiling synstructure v0.13.2\n   Compiling signal-hook-registry v1.4.5\n   Compiling ppv-lite86 v0.2.21\n   Compiling futures-sink v0.3.31\n   Compiling percent-encoding v2.3.1\n   Compiling hashbrown v0.15.5\n   Compiling rand_chacha v0.3.1\n   Compiling tower-service v0.3.3\n   Compiling futures-channel v0.3.31\n   Compiling hex v0.4.3\n   Compiling keccak v0.1.5\n   Compiling rustls-pki-types v1.12.0\n   Compiling ring v0.17.14\n   Compiling sha3 v0.10.8\n   Compiling serde_derive v1.0.219\n   Compiling tracing-attributes v0.1.28\n   Compiling tokio-macros v2.5.0\n   Compiling zerofrom-derive v0.1.6\n   Compiling yoke-derive v0.8.0\n   Compiling tracing v0.1.41\n   Compiling zerofrom v0.1.6\n   Compiling futures-macro v0.3.31\n   Compiling zerovec-derive v0.11.1\n   Compiling yoke v0.8.0\n   Compiling displaydoc v0.2.5\n   Compiling futures-util v0.3.31\n   Compiling httparse v1.10.1\n   Compiling base64 v0.22.1\n   Compiling zerovec v0.11.2\n   Compiling tinystr v0.8.1\n   Compiling hmac v0.12.1\n   Compiling http v1.3.1\n   Compiling writeable v0.6.1\n   Compiling byteorder v1.5.0\n   Compiling litemap v0.8.0\n   Compiling potential_utf v0.1.2\n   Compiling icu_locale_core v2.0.0\n   Compiling zerotrie v0.2.2\n   Compiling smallvec v1.15.0\n   Compiling parking_lot v0.12.4\n   Compiling indexmap v2.11.1\n   Compiling tokio v1.45.1\n   Compiling either v1.15.0\n   Compiling num-integer v0.1.46\n   Compiling serde_json v1.0.143\n   Compiling icu_properties_data v2.0.1\n   Compiling try-lock v0.2.5\n   Compiling icu_normalizer_data v2.0.0\n   Compiling want v0.3.1\n   Compiling icu_provider v2.0.0\n   Compiling icu_collections v2.0.0\n   Compiling tower-layer v0.3.3\n   Compiling untrusted v0.9.0\n   Compiling lambdaworks-math v0.10.0\n   Compiling lambdaworks-crypto v0.10.0\n   Compiling form_urlencoded v1.2.1\n   Compiling blake2 v0.10.6\n   Compiling icu_properties v2.0.1\n   Compiling icu_normalizer v2.0.0\n   Compiling http-body v1.0.1\n   Compiling strsim v0.11.1\n   Compiling idna_adapter v1.2.1\n   Compiling utf8_iter v1.0.4\n   Compiling tokio-util v0.7.15\n   Compiling idna v1.0.3\n   Compiling num-bigint v0.4.6\n   Compiling pkg-config v0.3.32\n   Compiling vcpkg v0.2.15\n   Compiling openssl-probe v0.1.6\n   Compiling crunchy v0.2.3\n   Compiling openssl-sys v0.9.109\n   Compiling thiserror v2.0.12\n   Compiling thiserror-impl v2.0.12\n   Compiling bitflags v2.9.1\n   Compiling static_assertions v1.1.0\n   Compiling sync_wrapper v1.0.2\n   Compiling aho-corasick v1.1.3\n   Compiling regex-syntax v0.8.5\n   Compiling ident_case v1.0.1\n   Compiling foreign-types-shared v0.1.1\n   Compiling openssl v0.10.73\n   Compiling adler2 v2.0.0\n   Compiling rustc-hex v2.1.0\n   Compiling ipnet v2.11.0\n   Compiling miniz_oxide v0.8.8\n   Compiling foreign-types v0.3.2\n   Compiling darling_core v0.20.11\n   Compiling openssl-macros v0.1.1\n   Compiling webpki-roots v1.0.0\n   Compiling crc32fast v1.4.2\n   Compiling mime v0.3.17\n   Compiling flate2 v1.1.1\n   Compiling rand v0.8.5\n   Compiling lazy_static v1.5.0\n   Compiling native-tls v0.2.14\n   Compiling rlp v0.5.2\n   Compiling http-body-util v0.1.3\n   Compiling rfc6979 v0.4.0\n   Compiling async-trait v0.1.88\n   Compiling darling_macro v0.20.11\n   Compiling inout v0.1.4\n   Compiling serde_json_pythonic v0.1.2\n   Compiling thiserror v1.0.69\n   Compiling cipher v0.4.4\n   Compiling darling v0.20.11\n   Compiling serde_with_macros v3.12.0\n   Compiling impl-rlp v0.3.0\n   Compiling impl-serde v0.4.0\n   Compiling thiserror-impl v1.0.69\n   Compiling httpdate v1.0.3\n   Compiling tiny-keccak v2.0.2\n   Compiling anyhow v1.0.98\n   Compiling uint v0.9.5\n   Compiling serde_with v3.12.0\n   Compiling starknet-core-derive v0.1.0\n   Compiling serde_urlencoded v0.7.1\n   Compiling cmake v0.1.54\n   Compiling iri-string v0.7.8\n   Compiling dunce v1.0.5\n   Compiling fs_extra v1.3.0\n   Compiling salsa20 v0.10.2\n   Compiling pbkdf2 v0.11.0\n   Compiling scrypt v0.10.0\n   Compiling aws-lc-sys v0.29.0\n   Compiling aes v0.8.4\n   Compiling ctr v0.9.2\n   Compiling starknet-types-core v0.2.0\nwarning: aws-lc-sys@0.29.0: Building with: CC\nwarning: aws-lc-sys@0.29.0: Symbol Prefix: Some(\"aws_lc_0_29_0\")\nwarning: aws-lc-sys@0.29.0: Compilation of 'c11.c' succeeded - Ok([\"/home/server/clawd/projects/PonziLand/.orch/wt/chat-1771576614152/target/debug/build/aws-lc-sys-df9cf652a01d7199/out/out-c11/7dfda64fdf5a526c-c11.o\"]).\nwarning: aws-lc-sys@0.29.0: Environment Variable found 'CC': 'gcc'\nwarning: aws-lc-sys@0.29.0: Setting CC_x86_64_unknown_linux_gnu: gcc\nwarning: aws-lc-sys@0.29.0: Environment Variable found 'CXX': 'g++'\nwarning: aws-lc-sys@0.29.0: Setting CXX_x86_64_unknown_linux_gnu: g++\nwarning: aws-lc-sys@0.29.0: Compilation of 'stdalign_check.c' succeeded - Ok([\"/home/server/clawd/projects/PonziLand/.orch/wt/chat-1771576614152/target/debug/build/aws-lc-sys-df9cf652a01d7199/out/out-stdalign_check/7dfda64fdf5a526c-stdalign_check.o\"]).\nwarning: aws-lc-sys@0.29.0: Compilation of 'builtin_swap_check.c' succeeded - Ok([\"/home/server/clawd/projects/PonziLand/.orch/wt/chat-1771576614152/target/debug/build/aws-lc-sys-df9cf652a01d7199/out/out-builtin_swap_check/7dfda64fdf5a526c-builtin_swap_check.o\"]).\nerror: failed to run custom build command for `aws-lc-sys v0.29.0`\n\nCaused by:\n  process didn't exit successfully: `/home/server/clawd/projects/PonziLand/.orch/wt/chat-1771576614152/target/debug/build/aws-lc-sys-eff1cc24af4416bb/build-script-main` (exit status: 101)\n  --- stdout\n  cargo:rerun-if-env-changed=AWS_LC_SYS_NO_PREFIX_x86_64_unknown_linux_gnu\n  cargo:rerun-if-env-changed=AWS_LC_SYS_NO_PREFIX\n  cargo:rerun-if-env-changed=AWS_LC_SYS_PREGENERATING_BINDINGS_x86_64_unknown_linux_gnu\n  cargo:rerun-if-env-changed=AWS_LC_SYS_PREGENERATING_BINDINGS\n  cargo:rerun-if-env-changed=AWS_LC_SYS_EXTERNAL_BINDGEN_x86_64_unknown_linux_gnu\n  cargo:rerun-if-env-changed=AWS_LC_SYS_EXTERNAL_BINDGEN\n  cargo:rerun-if-env-changed=AWS_LC_SYS_NO_ASM_x86_64_unknown_linux_gnu\n  cargo:rerun-if-env-changed=AWS_LC_SYS_NO_ASM\n  cargo:rerun-if-env-changed=AWS_LC_SYS_CFLAGS_x86_64_unknown_linux_gnu\n  cargo:rerun-if-env-changed=AWS_LC_SYS_CFLAGS\n  cargo:rerun-if-env-changed=CFLAGS_x86_64-unknown-linux-gnu\n  cargo:rerun-if-env-changed=CFLAGS\n  cargo:rerun-if-env-changed=AWS_LC_SYS_PREBUILT_NASM_x86_64_unknown_linux_gnu\n  cargo:rerun-if-env-changed=AWS_LC_SYS_PREBUILT_NASM\n  cargo:rerun-if-env-changed=AWS_LC_SYS_C_STD_x86_64_unknown_linux_gnu\n  cargo:rerun-if-env-changed=AWS_LC_SYS_C_STD\n  cargo:rerun-if-env-changed=AWS_LC_SYS_CMAKE_BUILDER_x86_64_unknown_linux_gnu\n  cargo:rerun-if-env-changed=AWS_LC_SYS_CMAKE_BUILDER\n  cargo:rerun-if-env-changed=AWS_LC_SYS_NO_PREGENERATED_SRC_x86_64_unknown_linux_gnu\n  cargo:rerun-if-env-changed=AWS_LC_SYS_NO_PREGENERATED_SRC\n  cargo:rerun-if-env-changed=AWS_LC_SYS_EFFECTIVE_TARGET_x86_64_unknown_linux_gnu\n  cargo:rerun-if-env-changed=AWS_LC_SYS_EFFECTIVE_TARGET\n  cargo:rustc-cfg=x86_64_unknown_linux_gnu\n  cargo:rerun-if-env-changed=AWS_LC_SYS_STATIC_x86_64_unknown_linux_gnu\n  cargo:rerun-if-env-changed=AWS_LC_SYS_STATIC\n  default_for Target: 'x86_64-unknown-linux-gnu'\n  cargo:rerun-if-env-changed=CARGO_FEATURE_SSL\n  cargo:warning=Building with: CC\n  cargo:warning=Symbol Prefix: Some(\"aws_lc_0_29_0\")\n  default_for Target: 'x86_64-unknown-linux-gnu'\n  cargo:rerun-if-env-changed=CARGO_FEATURE_SSL\n  cargo:root=/home/server/clawd/projects/PonziLand/.orch/wt/chat-1771576614152/target/debug/build/aws-lc-sys-df9cf652a01d7199/out\n  default_for Target: 'x86_64-unknown-linux-gnu'\n  OPT_LEVEL = Some(0)\n  OUT_DIR = Some(/home/server/clawd/projects/PonziLand/.orch/wt/chat-1771576614152/target/debug/build/aws-lc-sys-df9cf652a01d7199/out)\n  TARGET = Some(x86_64-unknown-linux-gnu)\n  HOST = Some(x86_64-unknown-linux-gnu)\n  cargo:rerun-if-env-changed=CC_x86_64-unknown-linux-gnu\n  CC_x86_64-unknown-linux-gnu = None\n  cargo:rerun-if-env-changed=CC_x86_64_unknown_linux_gnu\n  CC_x86_64_unknown_linux_gnu = None\n  cargo:rerun-if-env-changed=HOST_CC\n  HOST_CC = None\n  cargo:rerun-if-env-changed=CC\n  CC = Some(gcc)\n  cargo:rerun-if-env-changed=CC_KNOWN_WRAPPER_CUSTOM\n  CC_KNOWN_WRAPPER_CUSTOM = None\n  RUSTC_WRAPPER = None\n  cargo:rerun-if-env-changed=CC_ENABLE_DEBUG_OUTPUT\n  cargo:rerun-if-env-changed=CRATE_CC_NO_DEFAULTS\n  CRATE_CC_NO_DEFAULTS = None\n  DEBUG = Some(true)\n  CARGO_CFG_TARGET_FEATURE = Some(fxsr,sse,sse2)\n  cargo:rerun-if-env-changed=CFLAGS\n  CFLAGS = None\n  cargo:rerun-if-env-changed=HOST_CFLAGS\n  HOST_CFLAGS = None\n  cargo:rerun-if-env-changed=CFLAGS_x86_64_unknown_linux_gnu\n  CFLAGS_x86_64_unknown_linux_gnu = None\n  cargo:rerun-if-env-changed=CFLAGS_x86_64-unknown-linux-gnu\n  CFLAGS_x86_64-unknown-linux-gnu = None\n  CARGO_ENCODED_RUSTFLAGS = Some()\n  OPT_LEVEL = Some(0)\n  TARGET = Some(x86_64-unknown-linux-gnu)\n  HOST = Some(x86_64-unknown-linux-gnu)\n  cargo:rerun-if-env-changed=CC_x86_64-unknown-linux-gnu\n  CC_x86_64-unknown-linux-gnu = None\n  cargo:rerun-if-env-changed=CC_x86_64_unknown_linux_gnu\n  CC_x86_64_unknown_linux_gnu = None\n  cargo:rerun-if-env-changed=HOST_CC\n  HOST_CC = None\n  cargo:rerun-if-env-changed=CC\n  CC = Some(gcc)\n  cargo:rerun-if-env-changed=CC_KNOWN_WRAPPER_CUSTOM\n  CC_KNOWN_WRAPPER_CUSTOM = None\n  RUSTC_WRAPPER = None\n  cargo:rerun-if-env-changed=CC_ENABLE_DEBUG_OUTPUT\n  cargo:rerun-if-env-changed=CRATE_CC_NO_DEFAULTS\n  CRATE_CC_NO_DEFAULTS = None\n  DEBUG = Some(true)\n  CARGO_CFG_TARGET_FEATURE = Some(fxsr,sse,sse2)\n  cargo:rerun-if-env-changed=CFLAGS\n  CFLAGS = None\n  cargo:rerun-if-env-changed=HOST_CFLAGS\n  HOST_CFLAGS = None\n  cargo:rerun-if-env-changed=CFLAGS_x86_64_unknown_linux_gnu\n  CFLAGS_x86_64_unknown_linux_gnu = None\n  cargo:rerun-if-env-changed=CFLAGS_x86_64-unknown-linux-gnu\n  CFLAGS_x86_64-unknown-linux-gnu = None\n  CARGO_ENCODED_RUSTFLAGS = Some()\n  cargo:warning=Compilation of 'c11.c' succeeded - Ok([\"/home/server/clawd/projects/PonziLand/.orch/wt/chat-1771576614152/target/debug/build/aws-lc-sys-df9cf652a01d7199/out/out-c11/7dfda64fdf5a526c-c11.o\"]).\n  cargo:rerun-if-env-changed=AWS_LC_SYS_CC_x86_64_unknown_linux_gnu\n  cargo:rerun-if-env-changed=AWS_LC_SYS_CC\n  cargo:rerun-if-env-changed=CC_x86_64-unknown-linux-gnu\n  cargo:rerun-if-env-changed=CC\n  cargo:warning=Environment Variable found 'CC': 'gcc'\n  cargo:warning=Setting CC_x86_64_unknown_linux_gnu: gcc\n  cargo:rerun-if-env-changed=AWS_LC_SYS_CXX_x86_64_unknown_linux_gnu\n  cargo:rerun-if-env-changed=AWS_LC_SYS_CXX\n  cargo:rerun-if-env-changed=CXX_x86_64-unknown-linux-gnu\n  cargo:rerun-if-env-changed=CXX\n  cargo:warning=Environment Variable found 'CXX': 'g++'\n  cargo:warning=Setting CXX_x86_64_unknown_linux_gnu: g++\n  OPT_LEVEL = Some(0)\n  TARGET = Some(x86_64-unknown-linux-gnu)\n  HOST = Some(x86_64-unknown-linux-gnu)\n  cargo:rerun-if-env-changed=CC_x86_64-unknown-linux-gnu\n  CC_x86_64-unknown-linux-gnu = None\n  cargo:rerun-if-env-changed=CC_x86_64_unknown_linux_gnu\n  CC_x86_64_unknown_linux_gnu = Some(gcc)\n  cargo:rerun-if-env-changed=CC_KNOWN_WRAPPER_CUSTOM\n  CC_KNOWN_WRAPPER_CUSTOM = None\n  RUSTC_WRAPPER = None\n  cargo:rerun-if-env-changed=CC_ENABLE_DEBUG_OUTPUT\n  cargo:rerun-if-env-changed=CRATE_CC_NO_DEFAULTS\n  CRATE_CC_NO_DEFAULTS = None\n  DEBUG = Some(true)\n  CARGO_CFG_TARGET_FEATURE = Some(fxsr,sse,sse2)\n  cargo:rerun-if-env-changed=CFLAGS\n  CFLAGS = None\n  cargo:rerun-if-env-changed=HOST_CFLAGS\n  HOST_CFLAGS = None\n  cargo:rerun-if-env-changed=CFLAGS_x86_64_unknown_linux_gnu\n  CFLAGS_x86_64_unknown_linux_gnu = None\n  cargo:rerun-if-env-changed=CFLAGS_x86_64-unknown-linux-gnu\n  CFLAGS_x86_64-unknown-linux-gnu = None\n  CARGO_ENCODED_RUSTFLAGS = Some()\n  cargo:warning=Compilation of 'stdalign_check.c' succeeded - Ok([\"/home/server/clawd/projects/PonziLand/.orch/wt/chat-1771576614152/target/debug/build/aws-lc-sys-df9cf652a01d7199/out/out-stdalign_check/7dfda64fdf5a526c-stdalign_check.o\"]).\n  OPT_LEVEL = Some(0)\n  TARGET = Some(x86_64-unknown-linux-gnu)\n  HOST = Some(x86_64-unknown-linux-gnu)\n  cargo:rerun-if-env-changed=CC_x86_64-unknown-linux-gnu\n  CC_x86_64-unknown-linux-gnu = None\n  cargo:rerun-if-env-changed=CC_x86_64_unknown_linux_gnu\n  CC_x86_64_unknown_linux_gnu = Some(gcc)\n  cargo:rerun-if-env-changed=CC_KNOWN_WRAPPER_CUSTOM\n  CC_KNOWN_WRAPPER_CUSTOM = None\n  RUSTC_WRAPPER = None\n  cargo:rerun-if-env-changed=CC_ENABLE_DEBUG_OUTPUT\n  cargo:rerun-if-env-changed=CRATE_CC_NO_DEFAULTS\n  CRATE_CC_NO_DEFAULTS = None\n  DEBUG = Some(true)\n  CARGO_CFG_TARGET_FEATURE = Some(fxsr,sse,sse2)\n  cargo:rerun-if-env-changed=CFLAGS\n  CFLAGS = None\n  cargo:rerun-if-env-changed=HOST_CFLAGS\n  HOST_CFLAGS = None\n  cargo:rerun-if-env-changed=CFLAGS_x86_64_unknown_linux_gnu\n  CFLAGS_x86_64_unknown_linux_gnu = None\n  cargo:rerun-if-env-changed=CFLAGS_x86_64-unknown-linux-gnu\n  CFLAGS_x86_64-unknown-linux-gnu = None\n  CARGO_ENCODED_RUSTFLAGS = Some()\n  cargo:warning=Compilation of 'builtin_swap_check.c' succeeded - Ok([\"/home/server/clawd/projects/PonziLand/.orch/wt/chat-1771576614152/target/debug/build/aws-lc-sys-df9cf652a01d7199/out/out-builtin_swap_check/7dfda64fdf5a526c-builtin_swap_check.o\"]).\n  OPT_LEVEL = Some(0)\n  OUT_DIR = Some(/home/server/clawd/projects/PonziLand/.orch/wt/chat-1771576614152/target/debug/build/aws-lc-sys-df9cf652a01d7199/out)\n  TARGET = Some(x86_64-unknown-linux-gnu)\n  HOST = Some(x86_64-unknown-linux-gnu)\n  cargo:rerun-if-env-changed=CC_x86_64-unknown-linux-gnu\n  CC_x86_64-unknown-linux-gnu = None\n  cargo:rerun-if-env-changed=CC_x86_64_unknown_linux_gnu\n  CC_x86_64_unknown_linux_gnu = Some(gcc)\n  cargo:rerun-if-env-changed=CC_KNOWN_WRAPPER_CUSTOM\n  CC_KNOWN_WRAPPER_CUSTOM = None\n  RUSTC_WRAPPER = None\n  cargo:rerun-if-env-changed=CC_ENABLE_DEBUG_OUTPUT\n  cargo:rerun-if-env-changed=CRATE_CC_NO_DEFAULTS\n  CRATE_CC_NO_DEFAULTS = None\n  DEBUG = Some(true)\n  CARGO_CFG_TARGET_FEATURE = Some(fxsr,sse,sse2)\n  cargo:rerun-if-env-changed=CFLAGS\n  CFLAGS = None\n  cargo:rerun-if-env-changed=HOST_CFLAGS\n  HOST_CFLAGS = None\n  cargo:rerun-if-env-changed=CFLAGS_x86_64_unknown_linux_gnu\n  CFLAGS_x86_64_unknown_linux_gnu = None\n  cargo:rerun-if-env-changed=CFLAGS_x86_64-unknown-linux-gnu\n  CFLAGS_x86_64-unknown-linux-gnu = None\n  CARGO_ENCODED_RUSTFLAGS = Some()\n\n  --- stderr\n\n  thread 'main' panicked at /home/server/.cargo/registry/src/index.crates.io-1949cf8c6b5b557f/aws-lc-sys-0.29.0/builder/cc_builder.rs:471:9:\n  COMPILER: gccARGS: [\"-O0\", \"-ffunction-sections\", \"-fdata-sections\", \"-fPIC\", \"-gdwarf-4\", \"-fno-omit-frame-pointer\", \"-m64\", \"-Wall\", \"-Wextra\", \"/home/server/.cargo/registry/src/index.crates.io-1949cf8c6b5b557f/aws-lc-sys-0.29.0/aws-lc/tests/compiler_features_tests/memcmp_invalid_stripped_check.c\", \"-Wno-unused-parameter\", \"-o\", \"/home/server/clawd/projects/PonziLand/.orch/wt/chat-1771576614152/target/debug/build/aws-lc-sys-df9cf652a01d7199/out/memcmp_invalid_stripped_check\"]EXECUTED: trueERROR: /nix/store/7h3qnwgvkw6z2r8lq4j5mks4l6r5x2cq-binutils-2.44/bin/ld: cannot find Scrt1.o: No such file or directory\n  /nix/store/7h3qnwgvkw6z2r8lq4j5mks4l6r5x2cq-binutils-2.44/bin/ld: cannot find crti.o: No such file or directory\n  collect2: error: ld returned 1 exit status\n  OUTPUT: Failed to compile memcmp_invalid_stripped_check\n              \n  note: run with `RUST_BACKTRACE=1` environment variable to display a backtrace\nwarning: build failed, waiting for other jobs to finish..."}}}
{"id":"E-AGENT-SPAWNED-chat-1771576614152-1771576755366747187","task_id":"chat-1771576614152","repo_id":".","at":"2026-02-20T08:39:15.366747187Z","kind":{"agent_spawned":{"model":"codex"}}}
{"id":"E-AGENT-COMPLETED-chat-1771576614152-1771576801772070689","task_id":"chat-1771576614152","repo_id":".","at":"2026-02-20T08:40:01.772070689Z","kind":{"agent_completed":{"model":"codex","success":true,"duration_secs":46}}}
{"id":"E-READY-chat-1771576614152-1771576801776474359","task_id":"chat-1771576614152","repo_id":".","at":"2026-02-20T08:40:01.776474359Z","kind":{"task_state_changed":{"from":"CHATTING","to":"READY"}}}
{"id":"E-VERIFY-START-chat-1771576614152-1771576803816221104","task_id":"chat-1771576614152","repo_id":".","at":"2026-02-20T08:40:03.816221104Z","kind":"verify_started"}
{"id":"E-VERIFY-DONE-chat-1771576614152-1771576803816221104","task_id":"chat-1771576614152","repo_id":".","at":"2026-02-20T08:40:03.816221104Z","kind":{"verify_completed":{"success":false}}}
{"id":"E-RETRY-STATE-chat-1771576614152-1771576803816221104","task_id":"chat-1771576614152","repo_id":".","at":"2026-02-20T08:40:03.816221104Z","kind":{"task_state_changed":{"from":"READY","to":"CHATTING"}}}
{"id":"E-RETRY-chat-1771576614152-1771576803816221104","task_id":"chat-1771576614152","repo_id":".","at":"2026-02-20T08:40:03.816221104Z","kind":{"retry_scheduled":{"attempt":2,"model":"codex","reason":"verify command `nix develop -c cargo test --all-targets --all-features` failed (exit=Some(101))\nstdout: ðŸŽ® PonziLand development environment loaded!\nðŸ“ Database URL: postgres://chaindata:chaindata@localhost/chaindata\nðŸ”§ Available tools: dojo, scarb, starkli, slot, cargo-nextest, sqlx-cli\nðŸ“œ Scripts: nix run .#migrate, nix run .#new-migration\nðŸ˜ Database: Run 'dev' to start PostgreSQL with process-compose\nstderr: warning: Git tree '/home/server/clawd/projects/PonziLand/.orch/wt/chat-1771576614152' is dirty\nevaluation warning: buildRustPackage: `useFetchCargoVendor` is nonâ€optional and enabled by default as of 25.05, remove it\nwarning: /home/server/clawd/projects/PonziLand/.orch/wt/chat-1771576614152/Cargo.toml: unused manifest key: workspace.edition\n   Compiling aws-lc-sys v0.29.0\n   Compiling starknet-types-core v0.2.0\n   Compiling uuid v0.8.2\n   Compiling tokio v1.45.1\n   Compiling auto_impl v1.3.0\n   Compiling rustversion v1.0.21\n   Compiling futures-sink v0.3.31\n   Compiling native-tls v0.2.14\n   Compiling crypto-bigint v0.5.5\n   Compiling atomic-waker v1.1.2\n   Compiling aws-lc-rs v1.13.1\n   Compiling h2 v0.4.10\n   Compiling starknet-curve v0.6.0\n   Compiling starknet-crypto v0.8.1\n   Compiling futures-util v0.3.31\n   Compiling base64 v0.21.7\n   Compiling starknet-core v0.16.0\n   Compiling hyper v1.6.0\n   Compiling url v2.5.4\n   Compiling rand v0.8.5\n   Compiling hyper-util v0.1.13\n   Compiling tower v0.5.2\n   Compiling regex-automata v0.4.9\n   Compiling tracing-core v0.1.33\n   Compiling rustls v0.23.27\n   Compiling tracing v0.1.41\n   Compiling futures-channel v0.3.31\n   Compiling base16ct v0.2.0\n   Compiling getrandom v0.3.3\n   Compiling serdect v0.2.0\n   Compiling regex v1.11.1\n   Compiling fixed-hash v0.8.0\n   Compiling rustls-native-certs v0.8.1\n   Compiling itertools v0.14.0\n   Compiling heck v0.5.0\n   Compiling starknet-macros v0.2.5\n   Compiling tokio-native-tls v0.3.1\n   Compiling hyper-tls v0.6.0\n   Compiling ethbloom v0.13.0\n   Compiling primitive-types v0.12.2\n   Compiling tower-http v0.6.5\n   Compiling indexmap v1.9.3\n   Compiling encoding_rs v0.8.35\n   Compiling iana-time-zone v0.1.63\n   Compiling ethereum-types v0.14.1\n   Compiling eth-keystore v0.5.0\n   Compiling hashbrown v0.12.3\n   Compiling syn v1.0.109\n   Compiling rustls-webpki v0.103.3\n   Compiling crossbeam-utils v0.8.21\n   Compiling fixedbitset v0.5.7\n   Compiling prettyplease v0.2.33\n   Compiling unicode-segmentation v1.12.0\n   Compiling petgraph v0.7.1\n   Compiling convert_case v0.8.0\n   Compiling starknet-signers v0.14.0\n   Compiling tokio-rustls v0.26.2\n   Compiling hyper-rustls v0.27.6\n   Compiling chrono v0.4.41\n   Compiling itertools v0.12.1\n   Compiling serde_derive_internals v0.29.1\n   Compiling matrixmultiply v0.3.10\n   Compiling schemars v0.8.22\n   Compiling siphasher v1.0.1\n   Compiling prost-derive v0.12.6\n   Compiling phf_shared v0.11.3\n   Compiling schemars_derive v0.8.22\n   Compiling reqwest v0.12.19\n   Compiling tokio-stream v0.1.17\n   Compiling same-file v1.0.6\n   Compiling precomputed-hash v0.1.1\n   Compiling term v1.2.0\n   Compiling rawpointer v0.2.1\n   Compiling heck v0.4.1\n   Compiling dyn-clone v1.0.19\n   Compiling utf8parse v0.2.2\n   Compiling bit-vec v0.8.0\n   Compiling new_debug_unreachable v1.0.6\n   Compiling string_cache v0.8.9\n   Compiling bit-set v0.8.0\n   Compiling anstyle-parse v0.2.6\n   Compiling ascii-canvas v4.0.0\n   Compiling walkdir v2.5.0\n   Compiling starknet-providers v0.16.0\n   Compiling lalrpop-util v0.22.2\n   Compiling ena v0.14.3\n   Compiling num-complex v0.4.6\n   Compiling http v0.2.12\n   Compiling smol_str v0.3.2\n   Compiling pico-args v0.5.0\n   Compiling anstyle v1.0.10\n   Compiling unicode-xid v0.2.6\n   Compiling colorchoice v1.0.3\n   Compiling anstyle-query v1.1.2\n   Compiling is_terminal_polyfill v1.70.1\n   Compiling anstream v0.6.18\n   Compiling lalrpop v0.22.2\n   Compiling cairo-lang-utils v2.12.3\n   Compiling ndarray v0.16.1\n   Compiling parking v2.2.1\n   Compiling clap_lex v0.7.4\n   Compiling rustix v1.0.7\n   Compiling clap_builder v4.5.39\n   Compiling starknet-accounts v0.16.0\n   Compiling starknet-contract v0.16.0\n   Compiling sprs v0.11.3\n   Compiling cairo-lang-sierra v2.12.3\n   Compiling http-body v0.4.6\n   Compiling rust-analyzer-salsa-macros v0.17.0-pre.6\n   Compiling clap_derive v4.5.32\n   Compiling triomphe v0.1.15\n   Compiling linux-raw-sys v0.9.4\n   Compiling rustc-hash v1.1.0\n   Compiling libm v0.2.15\n   Compiling camino v1.1.9\n   Compiling oorandom v11.1.5\n   Compiling rust-analyzer-salsa v0.17.0-pre.6\n   Compiling clap v4.5.39\n   Compiling microlp v0.2.11\n   Compiling starknet v0.17.0\n   Compiling derivative v2.2.0\n   Compiling matchers v0.2.0\n   Compiling sharded-slab v0.1.7\n   Compiling tracing-serde v0.2.0\n   Compiling tracing-log v0.2.0\n   Compiling proc-macro-error-attr v1.0.4\n   Compiling thread_local v1.1.8\n   Compiling async-stream-impl v0.3.6\n   Compiling bigdecimal v0.4.8\n   Compiling fastrand v2.3.0\n   Compiling nu-ansi-term v0.50.1\n   Compiling const-fnv1a-hash v1.1.0\n   Compiling tracing-subscriber v0.3.20\n   Compiling async-stream v0.3.6\n   Compiling tempfile v3.20.0\n   Compiling good_lp v1.14.0\n   Compiling h2 v0.3.26\n   Compiling prost-derive v0.13.5\n   Compiling axum-core v0.3.4\n   Compiling proc-macro-error v1.0.4\n   Compiling pin-project-internal v1.1.10\n   Compiling syn v2.0.101\n   Compiling rustls v0.22.4\n   Compiling multimap v0.10.1\n   Compiling pin-project v1.1.10\n   Compiling hyper v0.14.32\n   Compiling prost v0.13.5\n   Compiling cairo-lang-sierra-type-size v2.12.3\n   Compiling cairo-lang-eq-solver v2.12.3\n   Compiling cainome-parser v0.6.0\n   Compiling cainome-cairo-serde v0.4.0\n   Compiling prost v0.12.6\n   Compiling axum v0.6.20\n   Compiling rustls-webpki v0.102.8\n   Compiling fixedbitset v0.4.2\n   Compiling crc-catalog v2.4.0\n   Compiling tinyvec_macros v0.1.1\n   Compiling tinyvec v1.9.0\n   Compiling petgraph v0.6.5\n   Compiling crc v3.3.0\n   Compiling prost-types v0.12.6\n   Compiling cainome-rs v0.5.0\n   Compiling prost-types v0.13.5\n   Compiling tower v0.4.13\n   Compiling concurrent-queue v2.5.0\n   Compiling unzip-n v0.1.2\n   Compiling rustls-pemfile v2.2.0\n   Compiling tokio-io-timeout v1.2.0\n   Compiling futures-intrusive v0.5.0\n   Compiling toml_datetime v0.6.9\n   Compiling serde_spanned v0.6.8\n   Compiling bitflags v1.3.2\n   Compiling matchit v0.7.3\n   Compiling toml_write v0.1.1\n   Compiling indoc v2.0.6\n   Compiling sync_wrapper v0.1.2\n   Compiling winnow v0.7.10\n   Compiling cairo-lang-casm v2.12.3\n   Compiling toml_edit v0.22.26\n   Compiling hyper-timeout v0.4.1\n   Compiling rustls-native-certs v0.7.3\n   Compiling cainome-cairo-serde-derive v0.1.0\n   Compiling event-listener v5.4.0\n   Compiling prost-build v0.13.5\n   Compiling tokio-rustls v0.25.0\n   Compiling cainome-rs-macro v0.5.0\n   Compiling prost-build v0.12.6\n   Compiling unicode-normalization v0.1.24\n   Compiling cairo-lang-sierra-gas v2.12.3\n   Compiling cairo-lang-sierra-ap-change v2.12.3\n   Compiling clap_complete v4.5.52\n   Compiling rand_core v0.9.3\n   Compiling openssl v0.10.73\n   Compiling webpki-roots v0.26.11\n   Compiling futures-executor v0.3.31\n   Compiling unicode-properties v0.1.3\n   Compiling assert_matches v1.5.0\n   Compiling unicode-bidi v0.3.18\n   Compiling stringprep v0.1.5\n   Compiling cairo-lang-sierra-to-casm v2.12.3\n   Compiling futures v0.3.31\n   Compiling tonic v0.11.0\n   Compiling tonic-build v0.11.0\n   Compiling tonic-build v0.12.3\n   Compiling toml v0.8.22\n   Compiling crossbeam-queue v0.3.12\n   Compiling strum_macros v0.25.3\n   Compiling hkdf v0.12.4\n   Compiling hashlink v0.10.0\n   Compiling md-5 v0.10.6\n   Compiling uuid v1.17.0\n   Compiling cainome v0.10.0\n   Compiling strum v0.25.0\n   Compiling dotenvy v0.15.7\n   Compiling home v0.5.11\n   Compiling whoami v1.6.0\n   Compiling sqlx-core v0.8.6\n   Compiling torii-proto v1.7.3 (https://github.com/dojoengine/torii.git?tag=v1.7.3#0155915d)\n   Compiling cairo-lang-starknet-classes v2.12.3\n   Compiling dojo-types v1.7.0 (https://github.com/dojoengine/dojo?rev=6daa3d0#6daa3d0d)\n   Compiling rand_chacha v0.9.0\n   Compiling atoi v2.0.0\n   Compiling hex-literal v0.4.1\n   Compiling http-range-header v0.3.1\n   Compiling tower-http v0.4.4\n   Compiling dojo-world v1.7.0 (https://github.com/dojoengine/dojo?rev=6daa3d0#6daa3d0d)\n   Compiling sqlx-postgres v0.8.6\n   Compiling rand v0.9.1\n   Compiling tonic-reflection v0.11.0\n   Compiling sqlx-macros-core v0.8.6\n   Compiling tonic-web v0.11.0\n   Compiling ordered-float v2.10.1\n   Compiling serde-value v0.7.0\n   Compiling serde-aux v4.7.0\n   Compiling sqlx-macros v0.8.6\n   Compiling uint v0.10.0\n   Compiling bigdecimal v0.3.1\n   Compiling migrations v0.1.0 (/home/server/clawd/projects/PonziLand/.orch/wt/chat-1771576614152/crates/migrations)\n   Compiling ahash v0.8.12\n   Compiling price-provider v0.1.0 (/home/server/clawd/projects/PonziLand/.orch/wt/chat-1771576614152/crates/price-provider)\n   Compiling torii-grpc-client v1.7.3 (https://github.com/dojoengine/torii.git?tag=v1.7.3#0155915d)\n   Compiling torii-client v1.7.3 (https://github.com/dojoengine/torii.git?tag=v1.7.3#0155915d)\n   Compiling torii-ingester v0.1.0 (/home/server/clawd/projects/PonziLand/.orch/wt/chat-1771576614152/crates/torii-ingester)\n   Compiling crossbeam-epoch v0.9.18\n   Compiling raw-cpuid v11.5.0\nerror[E0631]: type mismatch in function arguments\n   --> crates/torii-ingester/src/torii_client.rs:326:14\n    |\n326 |         .map(chrono::NaiveDateTime::and_utc)\n    |          --- ^^^^^^^^^^^^^^^^^^^^^^^^^^^^^^\n    |          |   |\n    |          |   expected due to this\n    |          |   found signature defined here\n    |          required by a bound introduced by this call\n    |\n    = note: expected function signature `fn(NaiveDateTime) -> _`\n               found function signature `fn(&NaiveDateTime) -> _`\nnote: required by a bound in `Result::<T, E>::map`\n   --> /nix/store/ycpkhkfri66mf4s8k77cngybiwsdbnha-rust-stable-with-components-2025-09-18/lib/rustlib/src/rust/library/core/src/result.rs:799:22\n    |\n799 |     pub fn map<U, F: FnOnce(T) -> U>(self, op: F) -> Result<U, E> {\n    |                      ^^^^^^^^^^^^^^ required by this bound in `Result::<T, E>::map`\nhelp: consider wrapping the function in a closure\n    |\n326 |         .map(|arg0: NaiveDateTime| chrono::NaiveDateTime::and_utc(&arg0))\n    |              +++++++++++++++++++++                               +++++++\n\nFor more information about this error, try `rustc --explain E0631`.\nerror: could not compile `torii-ingester` (lib) due to 1 previous error\nwarning: build failed, waiting for other jobs to finish..."}}}
{"id":"E-AGENT-SPAWNED-chat-1771576614152-1771577020626667614","task_id":"chat-1771576614152","repo_id":".","at":"2026-02-20T08:43:40.626667614Z","kind":{"agent_spawned":{"model":"codex"}}}
{"id":"E-AGENT-COMPLETED-chat-1771576614152-1771577048454851770","task_id":"chat-1771576614152","repo_id":".","at":"2026-02-20T08:44:08.454851770Z","kind":{"agent_completed":{"model":"codex","success":true,"duration_secs":27}}}
{"id":"E-READY-chat-1771576614152-1771577048461767859","task_id":"chat-1771576614152","repo_id":".","at":"2026-02-20T08:44:08.461767859Z","kind":{"task_state_changed":{"from":"CHATTING","to":"READY"}}}
{"id":"E-VERIFY-START-chat-1771576614152-1771577050476105946","task_id":"chat-1771576614152","repo_id":".","at":"2026-02-20T08:44:10.476105946Z","kind":"verify_started"}
{"id":"E-VERIFY-DONE-chat-1771576614152-1771577050476105946","task_id":"chat-1771576614152","repo_id":".","at":"2026-02-20T08:44:10.476105946Z","kind":{"verify_completed":{"success":false}}}
{"id":"E-RETRY-STATE-chat-1771576614152-1771577050476105946","task_id":"chat-1771576614152","repo_id":".","at":"2026-02-20T08:44:10.476105946Z","kind":{"task_state_changed":{"from":"READY","to":"CHATTING"}}}
{"id":"E-RETRY-chat-1771576614152-1771577050476105946","task_id":"chat-1771576614152","repo_id":".","at":"2026-02-20T08:44:10.476105946Z","kind":{"retry_scheduled":{"attempt":3,"model":"codex","reason":"verify command `nix develop -c cargo test --all-targets --all-features` failed (exit=Some(101))\nstdout: ðŸŽ® PonziLand development environment loaded!\nðŸ“ Database URL: postgres://chaindata:chaindata@localhost/chaindata\nðŸ”§ Available tools: dojo, scarb, starkli, slot, cargo-nextest, sqlx-cli\nðŸ“œ Scripts: nix run .#migrate, nix run .#new-migration\nðŸ˜ Database: Run 'dev' to start PostgreSQL with process-compose\nstderr: warning: Git tree '/home/server/clawd/projects/PonziLand/.orch/wt/chat-1771576614152' is dirty\nevaluation warning: buildRustPackage: `useFetchCargoVendor` is nonâ€optional and enabled by default as of 25.05, remove it\nwarning: /home/server/clawd/projects/PonziLand/.orch/wt/chat-1771576614152/Cargo.toml: unused manifest key: workspace.edition\n   Compiling sqlx v0.8.6\n   Compiling torii-ingester v0.1.0 (/home/server/clawd/projects/PonziLand/.orch/wt/chat-1771576614152/crates/torii-ingester)\n   Compiling quanta v0.12.5\n   Compiling metrics v0.24.2\n   Compiling migrations v0.1.0 (/home/server/clawd/projects/PonziLand/.orch/wt/chat-1771576614152/crates/migrations)\n   Compiling rand_xoshiro v0.7.0\n   Compiling safe_decimal_core v0.1.1 (https://github.com/invariant-labs/decimal.git#680e3887)\n   Compiling integer-sqrt v0.1.5\n   Compiling sketches-ddsketch v0.3.0\n   Compiling ponziland-models v0.1.0 (/home/server/clawd/projects/PonziLand/.orch/wt/chat-1771576614152/crates/ponziland-models)\n   Compiling metrics-util v0.19.1\n   Compiling safe_decimal_macro v0.1.4 (https://github.com/invariant-labs/decimal.git#680e3887)\n   Compiling ekubo_sdk v0.1.20\n   Compiling chaindata-models v0.1.0 (/home/server/clawd/projects/PonziLand/.orch/wt/chat-1771576614152/crates/chaindata/models)\n   Compiling ulid v1.2.1\n   Compiling assert-json-diff v2.0.2\n   Compiling sha1 v0.10.6\n   Compiling trait-variant v0.1.2\n   Compiling futures-timer v3.0.3\n   Compiling utf-8 v0.7.6\n   Compiling portable-atomic v1.11.0\n   Compiling similar v2.7.0\n   Compiling colored v3.0.0\n   Compiling data-encoding v2.9.0\n   Compiling mockito v1.7.0\n   Compiling tungstenite v0.26.2\n   Compiling chaindata-repository v0.1.0 (/home/server/clawd/projects/PonziLand/.orch/wt/chat-1771576614152/crates/chaindata/repository)\nerror: error communicating with database: Connection refused (os error 111)\n  --> crates/chaindata/repository/src/event.rs:24:12\n   |\n24 |           Ok(query_as!(\n   |  ____________^\n25 | |             Event,\n26 | |             r#\"\n27 | |             SELECT\n...  |\n34 | |             id as EventId\n35 | |         )\n   | |_________^\n   |\n   = note: this error originates in the macro `$crate::sqlx_macros::expand_query` which comes from the expansion of the macro `query_as` (in Nightly builds, run with -Z macro-backtrace for more info)\n\nerror: error communicating with database: Connection refused (os error 111)\n  --> crates/chaindata/repository/src/event.rs:48:12\n   |\n48 |           Ok(query!(\n   |  ____________^\n49 | |             r#\"\n50 | |             SELECT\n51 | |                 MAX(at)\n52 | |             FROM event\n53 | |         \"#\n54 | |         )\n   | |_________^\n   |\n   = note: this error originates in the macro `$crate::sqlx_macros::expand_query` which comes from the expansion of the macro `query` (in Nightly builds, run with -Z macro-backtrace for more info)\n\nerror: error communicating with database: Connection refused (os error 111)\n  --> crates/chaindata/repository/src/event.rs:73:27\n   |\n73 |           let id: EventId = query!(\n   |  ___________________________^\n74 | |             r#\"\n75 | |             INSERT INTO event (id, at, event_type)\n76 | |             VALUES ($1, $2, $3)\n...  |\n81 | |             EventType::from(&event.data) as EventType\n82 | |         )\n   | |_________^\n   |\n   = note: this error originates in the macro `$crate::sqlx_macros::expand_query` which comes from the expansion of the macro `query` (in Nightly builds, run with -Z macro-backtrace for more info)\n\nerror: error communicating with database: Connection refused (os error 111)\n  --> crates/chaindata/repository/src/land.rs:21:12\n   |\n21 |           Ok(query!(\n   |  ____________^\n22 | |             r#\"\n23 | |             INSERT INTO land (\n24 | |                 id, at, location, bought_at, owner, sell_price, token_used, level\n...  |\n36 | |             land.level as _\n37 | |         )\n   | |_________^\n   |\n   = note: this error originates in the macro `$crate::sqlx_macros::expand_query` which comes from the expansion of the macro `query` (in Nightly builds, run with -Z macro-backtrace for more info)\n\nerror: error communicating with database: Connection refused (os error 111)\n  --> crates/chaindata/repository/src/land.rs:53:9\n   |\n53 | /         query_as!(\n54 | |             LandModel,\n55 | |             r#\"\n56 | |             SELECT\n...  |\n71 | |             at\n72 | |         )\n   | |_________^\n   |\n   = note: this error originates in the macro `$crate::sqlx_macros::expand_query` which comes from the expansion of the macro `query_as` (in Nightly builds, run with -Z macro-backtrace for more info)\n\nerror: error communicating with database: Connection refused (os error 111)\n   --> crates/chaindata/repository/src/land.rs:83:9\n    |\n 83 | /         query_as!(\n 84 | |             LandModel,\n 85 | |             r#\"\n 86 | |             WITH latest_lands AS (\n...   |\n104 | |             at\n105 | |         )\n    | |_________^\n    |\n    = note: this error originates in the macro `$crate::sqlx_macros::expand_query` which comes from the expansion of the macro `query_as` (in Nightly builds, run with -Z macro-backtrace for more info)\n\nerror: error communicating with database: Connection refused (os error 111)\n   --> crates/chaindata/repository/src/land.rs:115:9\n    |\n115 | /         query_as!(\n116 | |             LandModel,\n117 | |             r#\"\n118 | |             SELECT\n...   |\n130 | |             id as EventId\n131 | |         )\n    | |_________^\n    |\n    = note: this error originates in the macro `$crate::sqlx_macros::expand_query` which comes from the expansion of the macro `query_as` (in Nightly builds, run with -Z macro-backtrace for more info)\n\nerror: error communicating with database: Connection refused (os error 111)\n   --> crates/chaindata/repository/src/land.rs:141:9\n    |\n141 | /         query!(\n142 | |             r#\"\n143 | |             SELECT MAX(at) as latest_time\n144 | |             FROM land\n145 | |             \"#\n146 | |         )\n    | |_________^\n    |\n    = note: this error originates in the macro `$crate::sqlx_macros::expand_query` which comes from the expansion of the macro `query` (in Nightly builds, run with -Z macro-backtrace for more info)\n\nerror: error communicating with database: Connection refused (os error 111)\n   --> crates/chaindata/repository/src/land.rs:158:9\n    |\n158 | /         query!(\n159 | |             r#\"\n160 | |             SELECT token_used, count(*)\n161 | |             FROM (\n...   |\n168 | |             \"#\n169 | |         )\n    | |_________^\n    |\n    = note: this error originates in the macro `$crate::sqlx_macros::expand_query` which comes from the expansion of the macro `query` (in Nightly builds, run with -Z macro-backtrace for more info)\n\nerror: error communicating with database: Connection refused (os error 111)\n  --> crates/chaindata/repository/src/land_historical.rs:37:12\n   |\n37 |           Ok(query!(\n   |  ____________^\n38 | |             r#\"\n39 | |             INSERT INTO land_historical (\n40 | |                 id, at, owner, land_location, time_bought, close_date, close_reason,\n...  |\n74 | |             serde_json::to_value(&position.token_outflows.0).unwrap()\n75 | |         )\n   | |_________^\n   |\n   = note: this error originates in the macro `$crate::sqlx_macros::expand_query` which comes from the expansion of the macro `query` (in Nightly builds, run with -Z macro-backtrace for more info)\n\nerror: error communicating with database: Connection refused (os error 111)\n   --> crates/chaindata/repository/src/land_historical.rs:83:9\n    |\n 83 | /         query_as!(\n 84 | |             LandHistoricalModel,\n 85 | |             r#\"\n 86 | |             SELECT\n...   |\n106 | |             owner\n107 | |         )\n    | |_________^\n    |\n    = note: this error originates in the macro `$crate::sqlx_macros::expand_query` which comes from the expansion of the macro `query_as` (in Nightly builds, run with -Z macro-backtrace for more info)\n\nerror: error communicating with database: Connection refused (os error 111)\n   --> crates/chaindata/repository/src/land_historical.rs:117:9\n    |\n117 | /         query_as!(\n118 | |             LandHistoricalModel,\n119 | |             r#\"\n120 | |             SELECT\n...   |\n140 | |             location as Location\n141 | |         )\n    | |_________^\n    |\n    = note: this error originates in the macro `$crate::sqlx_macros::expand_query` which comes from the expansion of the macro `query_as` (in Nightly builds, run with -Z macro-backtrace for more info)\n\nerror: error communicating with database: Connection refused (os error 111)\n   --> crates/chaindata/repository/src/land_historical.rs:148:9\n    |\n148 | /         query!(\n149 | |             r#\"\n150 | |             SELECT MAX(at) as latest_time\n151 | |             FROM land_historical\n152 | |             \"#\n153 | |         )\n    | |_________^\n    |\n    = note: this error originates in the macro `$crate::sqlx_macros::expand_query` which comes from the expansion of the macro `query` (in Nightly builds, run with -Z macro-backtrace for more info)\n\nerror: error communicating with database: Connection refused (os error 111)\n   --> crates/chaindata/repository/src/land_historical.rs:160:9\n    |\n160 | /         query!(\n161 | |             r#\"\n162 | |             SELECT COUNT(*) as count, MIN(time_bought) as first_activity\n163 | |             FROM land_historical\n...   |\n166 | |             owner\n167 | |         )\n    | |_________^\n    |\n    = note: this error originates in the macro `$crate::sqlx_macros::expand_query` which comes from the expansion of the macro `query` (in Nightly builds, run with -Z macro-backtrace for more info)\n\nerror: error communicating with database: Connection refused (os error 111)\n   --> crates/chaindata/repository/src/land_historical.rs:183:9\n    |\n183 | /         query!(\n184 | |             r#\"\n185 | |             SELECT\n186 | |                 COUNT(*) as auction_count,\n...   |\n197 | |             end_time\n198 | |         )\n    | |_________^\n    |\n    = note: this error originates in the macro `$crate::sqlx_macros::expand_query` which comes from the expansion of the macro `query` (in Nightly builds, run with -Z macro-backtrace for more info)\n\nerror: error communicating with database: Connection refused (os error 111)\n   --> crates/chaindata/repository/src/land_historical.rs:215:9\n    |\n215 | /         query!(\n216 | |             r#\"\n217 | |             UPDATE land_historical\n218 | |             SET close_date = $2, close_reason = $3\n...   |\n223 | |             close_reason as CloseReason\n224 | |         )\n    | |_________^\n    |\n    = note: this error originates in the macro `$crate::sqlx_macros::expand_query` which comes from the expansion of the macro `query` (in Nightly builds, run with -Z macro-backtrace for more info)\n\nerror: error communicating with database: Connection refused (os error 111)\n   --> crates/chaindata/repository/src/land_historical.rs:240:9\n    |\n240 | /         query!(\n241 | |             r#\"\n242 | |             UPDATE land_historical\n243 | |             SET close_date = $2, close_reason = $3,\n...   |\n252 | |             sale_token_used\n253 | |         )\n    | |_________^\n    |\n    = note: this error originates in the macro `$crate::sqlx_macros::expand_query` which comes from the expansion of the macro `query` (in Nightly builds, run with -Z macro-backtrace for more info)\n\nerror: error communicating with database: Connection refused (os error 111)\n   --> crates/chaindata/repository/src/land_historical.rs:264:9\n    |\n264 | /         query_as!(\n265 | |             LandHistoricalModel,\n266 | |             r#\"\n267 | |             SELECT\n...   |\n287 | |             location as Location\n288 | |         )\n    | |_________^\n    |\n    = note: this error originates in the macro `$crate::sqlx_macros::expand_query` which comes from the expansion of the macro `query_as` (in Nightly builds, run with -Z macro-backtrace for more info)\n\nerror: error communicating with database: Connection refused (os error 111)\n   --> crates/chaindata/repository/src/land_historical.rs:298:9\n    |\n298 | /         query_as!(\n299 | |             LandHistoricalModel,\n300 | |             r#\"\n301 | |             SELECT\n...   |\n321 | |             since\n322 | |         )\n    | |_________^\n    |\n    = note: this error originates in the macro `$crate::sqlx_macros::expand_query` which comes from the expansion of the macro `query_as` (in Nightly builds, run with -Z macro-backtrace for more info)\n\nerror: error communicating with database: Connection refused (os error 111)\n  --> crates/chaindata/repository/src/land_stake.rs:23:12\n   |\n23 |           Ok(query!(\n   |  ____________^\n24 | |             r#\"\n25 | |             INSERT INTO land_stake (\n26 | |                 id, at, location, earliest_claim_neighbor_time, earliest_claim_neighbor_location, num_active_neighbors, amount\n...  |\n37 | |             land_stake.amount as _\n38 | |         )\n   | |_________^\n   |\n   = note: this error originates in the macro `$crate::sqlx_macros::expand_query` which comes from the expansion of the macro `query` (in Nightly builds, run with -Z macro-backtrace for more info)\n\nerror: error communicating with database: Connection refused (os error 111)\n  --> crates/chaindata/repository/src/land_stake.rs:55:9\n   |\n55 | /         query_as!(\n56 | |             LandStakeModel,\n57 | |             r#\"\n58 | |             SELECT\n...  |\n72 | |             at\n73 | |         )\n   | |_________^\n   |\n   = note: this error originates in the macro `$crate::sqlx_macros::expand_query` which comes from the expansion of the macro `query_as` (in Nightly builds, run with -Z macro-backtrace for more info)\n\nerror: error communicating with database: Connection refused (os error 111)\n   --> crates/chaindata/repository/src/land_stake.rs:88:9\n    |\n 88 | /         query_as!(\n 89 | |             LandStakeModel,\n 90 | |             r#\"\n 91 | |             WITH latest_land_stakes AS (\n...   |\n108 | |             at\n109 | |         )\n    | |_________^\n    |\n    = note: this error originates in the macro `$crate::sqlx_macros::expand_query` which comes from the expansion of the macro `query_as` (in Nightly builds, run with -Z macro-backtrace for more info)\n\nerror: error communicating with database: Connection refused (os error 111)\n   --> crates/chaindata/repository/src/land_stake.rs:119:9\n    |\n119 | /         query_as!(\n120 | |             LandStakeModel,\n121 | |             r#\"\n122 | |             SELECT\n...   |\n133 | |             id as EventId\n134 | |         )\n    | |_________^\n    |\n    = note: this error originates in the macro `$crate::sqlx_macros::expand_query` which comes from the expansion of the macro `query_as` (in Nightly builds, run with -Z macro-backtrace for more info)\n\nerror: error communicating with database: Connection refused (os error 111)\n   --> crates/chaindata/repository/src/land_stake.rs:144:9\n    |\n144 | /         query!(\n145 | |             r#\"\n146 | |             SELECT MAX(at) as latest_time\n147 | |             FROM land_stake\n148 | |             \"#\n149 | |         )\n    | |_________^\n    |\n    = note: this error originates in the macro `$crate::sqlx_macros::expand_query` which comes from the expansion of the macro `query` (in Nightly builds, run with -Z macro-backtrace for more info)\n\nerror: error communicating with database: Connection refused (os error 111)\n  --> crates/chaindata/repository/src/price_feed.rs:28:9\n   |\n28 | /         query!(\n29 | |             r#\"\n30 | |             INSERT INTO historical_price_feed (symbol, price, usd_ratio, timestamp)\n31 | |             VALUES ($1, $2, $3, $4)\n...  |\n36 | |             timestamp\n37 | |         )\n   | |_________^\n   |\n   = note: this error originates in the macro `$crate::sqlx_macros::expand_query` which comes from the expansion of the macro `query` (in Nightly builds, run with -Z macro-backtrace for more info)\n\nerror: error communicating with database: Connection refused (os error 111)\n  --> crates/chaindata/repository/src/price_feed.rs:52:22\n   |\n52 |           let result = query_as!(\n   |  ______________________^\n53 | |             HistoricalPriceFeedModel,\n54 | |             r#\"\n55 | |             SELECT id, symbol, price, usd_ratio, timestamp\n...  |\n61 | |             symbol\n62 | |         )\n   | |_________^\n   |\n   = note: this error originates in the macro `$crate::sqlx_macros::expand_query` which comes from the expansion of the macro `query_as` (in Nightly builds, run with -Z macro-backtrace for more info)\n\nerror: error communicating with database: Connection refused (os error 111)\n  --> crates/chaindata/repository/src/price_feed.rs:79:23\n   |\n79 |           let results = query_as!(\n   |  _______________________^\n80 | |             HistoricalPriceFeedModel,\n81 | |             r#\"\n82 | |             SELECT id, symbol, price, usd_ratio, timestamp\n...  |\n89 | |             end\n90 | |         )\n   | |_________^\n   |\n   = note: this error originates in the macro `$crate::sqlx_macros::expand_query` which comes from the expansion of the macro `query_as` (in Nightly builds, run with -Z macro-backtrace for more info)\n\nerror: error communicating with database: Connection refused (os error 111)\n   --> crates/chaindata/repository/src/price_feed.rs:102:23\n    |\n102 |           let results = query!(\n    |  _______________________^\n103 | |             r#\"\n104 | |             SELECT DISTINCT symbol\n105 | |             FROM historical_price_feed\n106 | |             ORDER BY symbol ASC\n107 | |             \"#\n108 | |         )\n    | |_________^\n    |\n    = note: this error originates in the macro `$crate::sqlx_macros::expand_query` which comes from the expansion of the macro `query` (in Nightly builds, run with -Z macro-backtrace for more info)\n\nerror: error communicating with database: Connection refused (os error 111)\n   --> crates/chaindata/repository/src/price_feed.rs:120:23\n    |\n120 |           let results = query_as!(\n    |  _______________________^\n121 | |             HistoricalPriceFeedModel,\n122 | |             r#\"\n123 | |             SELECT DISTINCT ON (symbol) id, symbol, price, usd_ratio, timestamp\n...   |\n126 | |             \"#\n127 | |         )\n    | |_________^\n    |\n    = note: this error originates in the macro `$crate::sqlx_macros::expand_query` which comes from the expansion of the macro `query_as` (in Nightly builds, run with -Z macro-backtrace for more info)\n\nerror: error communicating with database: Connection refused (os error 111)\n  --> crates/chaindata/repository/src/wallet_activity.rs:25:13\n   |\n25 | /             query_as!(\n26 | |                 WalletActivityModel,\n27 | |                 r#\"\n28 | |                 SELECT \n...  |\n40 | |                 weeks as f64\n41 | |             )\n   | |_____________^\n   |\n   = note: this error originates in the macro `$crate::sqlx_macros::expand_query` which comes from the expansion of the macro `query_as` (in Nightly builds, run with -Z macro-backtrace for more info)\n\nerror: error communicating with database: Connection refused (os error 111)\n  --> crates/chaindata/repository/src/wallet_activity.rs:46:13\n   |\n46 | /             query_as!(\n47 | |                 WalletActivityModel,\n48 | |                 r#\"\n49 | |                 SELECT \n...  |\n59 | |                 \"#\n60 | |             )\n   | |_____________^\n   |\n   = note: this error originates in the macro `$crate::sqlx_macros::expand_query` which comes from the expansion of the macro `query_as` (in Nightly builds, run with -Z macro-backtrace for more info)\n\nerror: error communicating with database: Connection refused (os error 111)\n  --> crates/chaindata/repository/src/wallet_activity.rs:73:26\n   |\n73 |               let result = query!(\n   |  __________________________^\n74 | |                 r#\"\n75 | |                 SELECT COUNT(*) as count\n76 | |                 FROM wallet_activity\n...  |\n79 | |                 weeks as f64\n80 | |             )\n   | |_____________^\n   |\n   = note: this error originates in the macro `$crate::sqlx_macros::expand_query` which comes from the expansion of the macro `query` (in Nightly builds, run with -Z macro-backtrace for more info)\n\nerror: error communicating with database: Connection refused (os error 111)\n  --> crates/chaindata/repository/src/wallet_activity.rs:86:26\n   |\n86 |               let result = query!(\n   |  __________________________^\n87 | |                 r#\"\n88 | |                 SELECT COUNT(*) as count\n89 | |                 FROM wallet_activity\n90 | |                 \"#\n91 | |             )\n   | |_____________^\n   |\n   = note: this error originates in the macro `$crate::sqlx_macros::expand_query` which comes from the expansion of the macro `query` (in Nightly builds, run with -Z macro-backtrace for more info)\n\nerror: error communicating with database: Connection refused (os error 111)\n   --> crates/chaindata/repository/src/wallet_activity.rs:109:9\n    |\n109 | /         query!(\n110 | |             r#\"\n111 | |             INSERT INTO wallet_activity (\n112 | |                 address, \n...   |\n124 | |             activity_time\n125 | |         )\n    | |_________^\n    |\n    = note: this error originates in the macro `$crate::sqlx_macros::expand_query` which comes from the expansion of the macro `query` (in Nightly builds, run with -Z macro-backtrace for more info)\n\nerror: error communicating with database: Connection refused (os error 111)\n   --> crates/chaindata/repository/src/wallet_activity.rs:140:22\n    |\n140 |           let result = query_as!(\n    |  ______________________^\n141 | |             WalletActivityModel,\n142 | |             r#\"\n143 | |             SELECT \n...   |\n154 | |             address\n155 | |         )\n    | |_________^\n    |\n    = note: this error originates in the macro `$crate::sqlx_macros::expand_query` which comes from the expansion of the macro `query_as` (in Nightly builds, run with -Z macro-backtrace for more info)\n\nwarning: unused import: `EventType`\n --> crates/chaindata/repository/src/event.rs:2:48\n  |\n2 | use chaindata_models::events::{Event, EventId, EventType, FetchedEvent};\n  |                                                ^^^^^^^^^\n  |\n  = note: `#[warn(unused_imports)]` on by default\n\nwarning: unused import: `std::collections::HashMap`\n --> crates/chaindata/repository/src/land_historical.rs:9:5\n  |\n9 | use std::collections::HashMap;\n  |     ^^^^^^^^^^^^^^^^^^^^^^^^^\n\n   Compiling apalis-core v0.7.2\nwarning: `chaindata-repository` (lib) generated 2 warnings\nerror: could not compile `chaindata-repository` (lib) due to 35 previous errors; 2 warnings emitted\nwarning: build failed, waiting for other jobs to finish..."}}}
{"id":"E-AGENT-SPAWNED-chat-1771576614152-1771577086651020337","task_id":"chat-1771576614152","repo_id":".","at":"2026-02-20T08:44:46.651020337Z","kind":{"agent_spawned":{"model":"codex"}}}
{"id":"E-AGENT-COMPLETED-chat-1771576614152-1771577130921466423","task_id":"chat-1771576614152","repo_id":".","at":"2026-02-20T08:45:30.921466423Z","kind":{"agent_completed":{"model":"codex","success":true,"duration_secs":44}}}
{"id":"E-READY-chat-1771576614152-1771577130925529850","task_id":"chat-1771576614152","repo_id":".","at":"2026-02-20T08:45:30.925529850Z","kind":{"task_state_changed":{"from":"CHATTING","to":"READY"}}}
{"id":"E-VERIFY-START-chat-1771576614152-1771577132934220454","task_id":"chat-1771576614152","repo_id":".","at":"2026-02-20T08:45:32.934220454Z","kind":"verify_started"}
{"id":"E-VERIFY-DONE-chat-1771576614152-1771577132934220454","task_id":"chat-1771576614152","repo_id":".","at":"2026-02-20T08:45:32.934220454Z","kind":{"verify_completed":{"success":false}}}
{"id":"E-FAILED-chat-1771576614152-1771577132934220454","task_id":"chat-1771576614152","repo_id":".","at":"2026-02-20T08:45:32.934220454Z","kind":{"task_failed":{"reason":"verify command `nix develop -c cargo test --all-targets --all-features` failed (exit=Some(101))\nstdout: ðŸŽ® PonziLand development environment loaded!\nðŸ“ Database URL: postgres://chaindata:chaindata@localhost/chaindata\nðŸ”§ Available tools: dojo, scarb, starkli, slot, cargo-nextest, sqlx-cli\nðŸ“œ Scripts: nix run .#migrate, nix run .#new-migration\nðŸ˜ Database: Run 'dev' to start PostgreSQL with process-compose\nstderr: warning: Git tree '/home/server/clawd/projects/PonziLand/.orch/wt/chat-1771576614152' is dirty\nevaluation warning: buildRustPackage: `useFetchCargoVendor` is nonâ€optional and enabled by default as of 25.05, remove it\nwarning: /home/server/clawd/projects/PonziLand/.orch/wt/chat-1771576614152/Cargo.toml: unused manifest key: workspace.edition\n   Compiling chaindata-repository v0.1.0 (/home/server/clawd/projects/PonziLand/.orch/wt/chat-1771576614152/crates/chaindata/repository)\n   Compiling event-listener-strategy v0.5.4\n   Compiling winnow v0.6.26\n   Compiling moka v0.12.11\n   Compiling async-lock v3.4.1\n   Compiling tokio-tungstenite v0.26.2\n   Compiling portable-atomic v1.11.0\n   Compiling metrics-exporter-prometheus v0.17.0\n   Compiling ekubo v0.1.0 (/home/server/clawd/projects/PonziLand/.orch/wt/chat-1771576614152/crates/ekubo)\n   Compiling cron v0.15.0\n   Compiling crossbeam-channel v0.5.15\n   Compiling confique-macro v0.0.11\n   Compiling axum-core v0.5.2\n   Compiling tracing-futures v0.2.5\n   Compiling serde_path_to_error v0.1.17\n   Compiling axum-macros v0.5.0\n   Compiling tagptr v0.2.0\n   Compiling indexer v0.1.0 (/home/server/clawd/projects/PonziLand/.orch/wt/chat-1771576614152/crates/indexer)\n   Compiling matchit v0.8.4\n   Compiling confique v0.3.0\n   Compiling apalis v0.7.2\n   Compiling apalis-cron v0.7.2\n   Compiling chaindata-service v0.1.0 (/home/server/clawd/projects/PonziLand/.orch/wt/chat-1771576614152/crates/chaindata/service)\n   Compiling metrics-exporter-prometheus v0.16.2\n   Compiling avnu-pricing v0.1.0 (/home/server/clawd/projects/PonziLand/.orch/wt/chat-1771576614152/crates/avnu-pricing)\n   Compiling axum v0.8.4\n   Compiling tokio-test v0.4.4\n   Compiling arc-swap v1.7.1\n   Compiling dotenv v0.15.0\n   Compiling migrations v0.1.0 (/home/server/clawd/projects/PonziLand/.orch/wt/chat-1771576614152/crates/migrations)\n   Compiling chaindata-models v0.1.0 (/home/server/clawd/projects/PonziLand/.orch/wt/chat-1771576614152/crates/chaindata/models)\nerror: `SQLX_OFFLINE=true` but there is no cached data for this query, run `cargo sqlx prepare` to update the query cache or unset `SQLX_OFFLINE`\n   --> crates/chaindata/models/src/shared/u256.rs:224:9\n    |\n224 |         sqlx::query!(\"DROP TABLE IF EXISTS u256_test;\")\n    |         ^^^^^^^^^^^^^^^^^^^^^^^^^^^^^^^^^^^^^^^^^^^^^^^\n    |\n    = note: this error originates in the macro `$crate::sqlx_macros::expand_query` which comes from the expansion of the macro `sqlx::query` (in Nightly builds, run with -Z macro-backtrace for more info)\n\n   Compiling torii-ingester v0.1.0 (/home/server/clawd/projects/PonziLand/.orch/wt/chat-1771576614152/crates/torii-ingester)\n   Compiling ponziland-models v0.1.0 (/home/server/clawd/projects/PonziLand/.orch/wt/chat-1771576614152/crates/ponziland-models)\nerror: could not compile `chaindata-models` (lib test) due to 1 previous error\nwarning: build failed, waiting for other jobs to finish... (max retries reached: 3/3)","is_final":true}}}
{"id":"E-RESPAWN-chat-1771576614152-1771577283987851651","task_id":"chat-1771576614152","repo_id":".","at":"2026-02-20T08:48:03.987851651Z","kind":{"task_respawned":{"previous_reason":"verify command `nix develop -c cargo test --all-targets --all-features` failed (exit=Some(101))\nstdout: ðŸŽ® PonziLand development environment loaded!\nðŸ“ Database URL: postgres://chaindata:chaindata@localhost/chaindata\nðŸ”§ Available tools: dojo, scarb, starkli, slot, cargo-nextest, sqlx-cli\nðŸ“œ Scripts: nix run .#migrate, nix run .#new-migration\nðŸ˜ Database: Run 'dev' to start PostgreSQL with process-compose\nstderr: warning: Git tree '/home/server/clawd/projects/PonziLand/.orch/wt/chat-1771576614152' is dirty\nevaluation warning: buildRustPackage: `useFetchCargoVendor` is nonâ€optional and enabled by default as of 25.05, remove it\nwarning: /home/server/clawd/projects/PonziLand/.orch/wt/chat-1771576614152/Cargo.toml: unused manifest key: workspace.edition\n   Compiling chaindata-repository v0.1.0 (/home/server/clawd/projects/PonziLand/.orch/wt/chat-1771576614152/crates/chaindata/repository)\n   Compiling event-listener-strategy v0.5.4\n   Compiling winnow v0.6.26\n   Compiling moka v0.12.11\n   Compiling async-lock v3.4.1\n   Compiling tokio-tungstenite v0.26.2\n   Compiling portable-atomic v1.11.0\n   Compiling metrics-exporter-prometheus v0.17.0\n   Compiling ekubo v0.1.0 (/home/server/clawd/projects/PonziLand/.orch/wt/chat-1771576614152/crates/ekubo)\n   Compiling cron v0.15.0\n   Compiling crossbeam-channel v0.5.15\n   Compiling confique-macro v0.0.11\n   Compiling axum-core v0.5.2\n   Compiling tracing-futures v0.2.5\n   Compiling serde_path_to_error v0.1.17\n   Compiling axum-macros v0.5.0\n   Compiling tagptr v0.2.0\n   Compiling indexer v0.1.0 (/home/server/clawd/projects/PonziLand/.orch/wt/chat-1771576614152/crates/indexer)\n   Compiling matchit v0.8.4\n   Compiling confique v0.3.0\n   Compiling apalis v0.7.2\n   Compiling apalis-cron v0.7.2\n   Compiling chaindata-service v0.1.0 (/home/server/clawd/projects/PonziLand/.orch/wt/chat-1771576614152/crates/chaindata/service)\n   Compiling metrics-exporter-prometheus v0.16.2\n   Compiling avnu-pricing v0.1.0 (/home/server/clawd/projects/PonziLand/.orch/wt/chat-1771576614152/crates/avnu-pricing)\n   Compiling axum v0.8.4\n   Compiling tokio-test v0.4.4\n   Compiling arc-swap v1.7.1\n   Compiling dotenv v0.15.0\n   Compiling migrations v0.1.0 (/home/server/clawd/projects/PonziLand/.orch/wt/chat-1771576614152/crates/migrations)\n   Compiling chaindata-models v0.1.0 (/home/server/clawd/projects/PonziLand/.orch/wt/chat-1771576614152/crates/chaindata/models)\nerror: `SQLX_OFFLINE=true` but there is no cached data for this query, run `cargo sqlx prepare` to update the query cache or unset `SQLX_OFFLINE`\n   --> crates/chaindata/models/src/shared/u256.rs:224:9\n    |\n224 |         sqlx::query!(\"DROP TABLE IF EXISTS u256_test;\")\n    |         ^^^^^^^^^^^^^^^^^^^^^^^^^^^^^^^^^^^^^^^^^^^^^^^\n    |\n    = note: this error originates in the macro `$crate::sqlx_macros::expand_query` which comes from the expansion of the macro `sqlx::query` (in Nightly builds, run with -Z macro-backtrace for more info)\n\n   Compiling torii-ingester v0.1.0 (/home/server/clawd/projects/PonziLand/.orch/wt/chat-1771576614152/crates/torii-ingester)\n   Compiling ponziland-models v0.1.0 (/home/server/clawd/projects/PonziLand/.orch/wt/chat-1771576614152/crates/ponziland-models)\nerror: could not compile `chaindata-models` (lib test) due to 1 previous error\nwarning: build failed, waiting for other jobs to finish..."}}}
{"id":"E-AGENT-SPAWNED-chat-1771576614152-1771577291785584169","task_id":"chat-1771576614152","repo_id":".","at":"2026-02-20T08:48:11.785584169Z","kind":{"agent_spawned":{"model":"codex"}}}
{"id":"E-AGENT-COMPLETED-chat-1771576614152-1771577381783966834","task_id":"chat-1771576614152","repo_id":".","at":"2026-02-20T08:49:41.783966834Z","kind":{"agent_completed":{"model":"codex","success":true,"duration_secs":89}}}
{"id":"E-READY-chat-1771576614152-1771577381789198214","task_id":"chat-1771576614152","repo_id":".","at":"2026-02-20T08:49:41.789198214Z","kind":{"task_state_changed":{"from":"CHATTING","to":"READY"}}}
{"id":"E-VERIFY-START-chat-1771576614152-1771577383796855837","task_id":"chat-1771576614152","repo_id":".","at":"2026-02-20T08:49:43.796855837Z","kind":"verify_started"}
{"id":"E-VERIFY-DONE-chat-1771576614152-1771577383796855837","task_id":"chat-1771576614152","repo_id":".","at":"2026-02-20T08:49:43.796855837Z","kind":{"verify_completed":{"success":false}}}
{"id":"E-RETRY-STATE-chat-1771576614152-1771577383796855837","task_id":"chat-1771576614152","repo_id":".","at":"2026-02-20T08:49:43.796855837Z","kind":{"task_state_changed":{"from":"READY","to":"CHATTING"}}}
{"id":"E-RETRY-chat-1771576614152-1771577383796855837","task_id":"chat-1771576614152","repo_id":".","at":"2026-02-20T08:49:43.796855837Z","kind":{"retry_scheduled":{"attempt":1,"model":"codex","reason":"verify command `nix develop -c cargo test --all-targets --all-features` failed (exit=Some(101))\nstdout: ðŸŽ® PonziLand development environment loaded!\nðŸ“ Database URL: postgres://chaindata:chaindata@localhost/chaindata\nðŸ”§ Available tools: dojo, scarb, starkli, slot, cargo-nextest, sqlx-cli\nðŸ“œ Scripts: nix run .#migrate, nix run .#new-migration\nðŸ˜ Database: Run 'dev' to start PostgreSQL with process-compose\nstderr: warning: Git tree '/home/server/clawd/projects/PonziLand/.orch/wt/chat-1771576614152' is dirty\nevaluation warning: buildRustPackage: `useFetchCargoVendor` is nonâ€optional and enabled by default as of 25.05, remove it\nwarning: /home/server/clawd/projects/PonziLand/.orch/wt/chat-1771576614152/Cargo.toml: unused manifest key: workspace.edition\n   Compiling torii-ingester v0.1.0 (/home/server/clawd/projects/PonziLand/.orch/wt/chat-1771576614152/crates/torii-ingester)\n   Compiling migrations v0.1.0 (/home/server/clawd/projects/PonziLand/.orch/wt/chat-1771576614152/crates/migrations)\n   Compiling price-provider v0.1.0 (/home/server/clawd/projects/PonziLand/.orch/wt/chat-1771576614152/crates/price-provider)\n   Compiling ponziland-models v0.1.0 (/home/server/clawd/projects/PonziLand/.orch/wt/chat-1771576614152/crates/ponziland-models)\n   Compiling chaindata-models v0.1.0 (/home/server/clawd/projects/PonziLand/.orch/wt/chat-1771576614152/crates/chaindata/models)\n   Compiling chaindata-repository v0.1.0 (/home/server/clawd/projects/PonziLand/.orch/wt/chat-1771576614152/crates/chaindata/repository)\n   Compiling chaindata-service v0.1.0 (/home/server/clawd/projects/PonziLand/.orch/wt/chat-1771576614152/crates/chaindata/service)\nerror: `SQLX_OFFLINE=true` but there is no cached data for this query, run `cargo sqlx prepare` to update the query cache or unset `SQLX_OFFLINE`\n   --> crates/chaindata/models/src/shared/u256.rs:224:9\n    |\n224 |         sqlx::query!(\"DROP TABLE IF EXISTS u256_test;\")\n    |         ^^^^^^^^^^^^^^^^^^^^^^^^^^^^^^^^^^^^^^^^^^^^^^^\n    |\n    = note: this error originates in the macro `$crate::sqlx_macros::expand_query` which comes from the expansion of the macro `sqlx::query` (in Nightly builds, run with -Z macro-backtrace for more info)\n\n   Compiling indexer v0.1.0 (/home/server/clawd/projects/PonziLand/.orch/wt/chat-1771576614152/crates/indexer)\nerror: could not compile `chaindata-models` (lib test) due to 1 previous error\nwarning: build failed, waiting for other jobs to finish..."}}}
{"id":"E-AGENT-SPAWNED-chat-1771576614152-1771577401178964400","task_id":"chat-1771576614152","repo_id":".","at":"2026-02-20T08:50:01.178964400Z","kind":{"agent_spawned":{"model":"codex"}}}
{"id":"E-AGENT-COMPLETED-chat-1771576614152-1771577424423879746","task_id":"chat-1771576614152","repo_id":".","at":"2026-02-20T08:50:24.423879746Z","kind":{"agent_completed":{"model":"codex","success":true,"duration_secs":23}}}
{"id":"E-READY-chat-1771576614152-1771577424428418721","task_id":"chat-1771576614152","repo_id":".","at":"2026-02-20T08:50:24.428418721Z","kind":{"task_state_changed":{"from":"CHATTING","to":"READY"}}}
{"id":"E-VERIFY-START-chat-1771576614152-1771577428421855320","task_id":"chat-1771576614152","repo_id":".","at":"2026-02-20T08:50:28.421855320Z","kind":"verify_started"}
{"id":"E-VERIFY-DONE-chat-1771576614152-1771577428421855320","task_id":"chat-1771576614152","repo_id":".","at":"2026-02-20T08:50:28.421855320Z","kind":{"verify_completed":{"success":false}}}
{"id":"E-RETRY-STATE-chat-1771576614152-1771577428421855320","task_id":"chat-1771576614152","repo_id":".","at":"2026-02-20T08:50:28.421855320Z","kind":{"task_state_changed":{"from":"READY","to":"CHATTING"}}}
{"id":"E-RETRY-chat-1771576614152-1771577428421855320","task_id":"chat-1771576614152","repo_id":".","at":"2026-02-20T08:50:28.421855320Z","kind":{"retry_scheduled":{"attempt":2,"model":"codex","reason":"verify command `nix develop -c cargo test --all-targets --all-features` failed (exit=Some(101))\nstdout: ðŸŽ® PonziLand development environment loaded!\nðŸ“ Database URL: postgres://chaindata:chaindata@localhost/chaindata\nðŸ”§ Available tools: dojo, scarb, starkli, slot, cargo-nextest, sqlx-cli\nðŸ“œ Scripts: nix run .#migrate, nix run .#new-migration\nðŸ˜ Database: Run 'dev' to start PostgreSQL with process-compose\n\nrunning 8 tests\ntest tests::test_parse_token_address ... ok\ntest tests::test_avnu_api_format_and_pair_ratio_parsing ... ok\ntest tests::test_real_avnu_api_integration ... ignored, Real integration test - requires network access\ntest tests::test_paging_with_many_tokens ... ok\ntest tests::test_provider_creation ... ok\ntest tests::test_division_by_zero ... ok\ntest tests::test_token_not_found ... ok\ntest tests::test_reference_token_not_found ... ok\n\ntest result: ok. 7 passed; 0 failed; 1 ignored; 0 measured; 0 filtered out; finished in 0.18s\n\n\nrunning 12 tests\ntest events::id::tests::test_equality_and_hashing ... ok\ntest events::id::tests::test_ordering ... ok\ntest events::id::tests::test_serde_attributes ... ok\ntest events::id::tests::test_event_id_creation_and_string_repr ... ok\ntest events::id::tests::test_fromstr_implementation ... ok\ntest events::id::tests::test_sqlx_implementation ... ok\ntest shared::u256::tests::sqlx_test_u256_db_conversion ... ignored, Test is using a database, only running it if wanted.\ntest shared::u256::tests::test_bigdecimal_with_exponent_to_u256 ... ok\ntest events::id::tests::test_torii_parsing ... ok\ntest shared::u256::tests::test_edge_cases ... ok\ntest shared::u256::tests::test_bigdecimal_from_u256 ... ok\ntest shared::u256::tests::test_u256_from_bigdecimal ... ok\n\ntest result: ok. 11 passed; 0 failed; 1 ignored; 0 measured; 0 filtered out; finished in 0.00s\n\n\nrunning 4 tests\ntest land::tests::test_save_and_get_land ... FAILED\ntest land_stake::tests::test_save_and_get_land_stake ... FAILED\ntest land_stake::tests::test_land_stake_versioning ... FAILED\ntest land::tests::test_land_versioning ... FAILED\n\nfailures:\n\n---- land::tests::test_save_and_get_land stdout ----\n\nthread 'land::tests::test_save_and_get_land' panicked at /home/server/.cargo/registry/src/index.crates.io-1949cf8c6b5b557f/sqlx-core-0.8.6/src/testing/mod.rs:226:14:\nfailed to connect to setup test database: PoolTimedOut\n\n---- land_stake::tests::test_save_and_get_land_stake stdout ----\n\nthread 'land_stake::tests::test_save_and_get_land_stake' panicked at /home/server/.cargo/registry/src/index.crates.io-1949cf8c6b5b557f/sqlx-core-0.8.6/src/testing/mod.rs:226:14:\nfailed to connect to setup test database: PoolTimedOut\nnote: run with `RUST_BACKTRACE=1` environment variable to display a backtrace\n\n---- land_stake::tests::test_land_stake_versioning stdout ----\n\nthread 'land_stake::tests::test_land_stake_versioning' panicked at /home/server/.cargo/registry/src/index.crates.io-1949cf8c6b5b557f/sqlx-core-0.8.6/src/testing/mod.rs:226:14:\nfailed to connect to setup test database: PoolTimedOut\n\n---- land::tests::test_land_versioning stdout ----\n\nthread 'land::tests::test_land_versioning' panicked at /home/server/.cargo/registry/src/index.crates.io-1949cf8c6b5b557f/sqlx-core-0.8.6/src/testing/mod.rs:226:14:\nfailed to connect to setup test database: PoolTimedOut\n\n\nfailures:\n    land::tests::test_land_versioning\n    land::tests::test_save_and_get_land\n    land_stake::tests::test_land_stake_versioning\n    land_stake::tests::test_save_and_get_land_stake\n\ntest result: FAILED. 0 passed; 4 failed; 0 ignored; 0 measured; 0 filtered out; finished in 30.01s\nstderr: warning: Git tree '/home/server/clawd/projects/PonziLand/.orch/wt/chat-1771576614152' is dirty\nevaluation warning: buildRustPackage: `useFetchCargoVendor` is nonâ€optional and enabled by default as of 25.05, remove it\nwarning: /home/server/clawd/projects/PonziLand/.orch/wt/chat-1771576614152/Cargo.toml: unused manifest key: workspace.edition\n   Compiling chaindata-models v0.1.0 (/home/server/clawd/projects/PonziLand/.orch/wt/chat-1771576614152/crates/chaindata/models)\n   Compiling chaindata-repository v0.1.0 (/home/server/clawd/projects/PonziLand/.orch/wt/chat-1771576614152/crates/chaindata/repository)\n   Compiling chaindata-service v0.1.0 (/home/server/clawd/projects/PonziLand/.orch/wt/chat-1771576614152/crates/chaindata/service)\n   Compiling indexer v0.1.0 (/home/server/clawd/projects/PonziLand/.orch/wt/chat-1771576614152/crates/indexer)\n    Finished `test` profile [unoptimized + debuginfo] target(s) in 9.09s\n     Running unittests src/lib.rs (target/debug/deps/avnu_pricing-48e241ee75f8e0b1)\n     Running unittests src/lib.rs (target/debug/deps/chaindata_models-b6a46529aa814db4)\n     Running unittests src/lib.rs (target/debug/deps/chaindata_repository-40b6900aae647f9d)\nerror: test failed, to rerun pass `-p chaindata-repository --lib`"}}}
{"id":"E-AGENT-SPAWNED-chat-1771576614152-1771577481479816996","task_id":"chat-1771576614152","repo_id":".","at":"2026-02-20T08:51:21.479816996Z","kind":{"agent_spawned":{"model":"codex"}}}
{"id":"E-AGENT-COMPLETED-chat-1771576614152-1771577565928322642","task_id":"chat-1771576614152","repo_id":".","at":"2026-02-20T08:52:45.928322642Z","kind":{"agent_completed":{"model":"codex","success":true,"duration_secs":84}}}
{"id":"E-READY-chat-1771576614152-1771577565933691784","task_id":"chat-1771576614152","repo_id":".","at":"2026-02-20T08:52:45.933691784Z","kind":{"task_state_changed":{"from":"CHATTING","to":"READY"}}}
{"id":"E-VERIFY-START-chat-1771576614152-1771577567941614672","task_id":"chat-1771576614152","repo_id":".","at":"2026-02-20T08:52:47.941614672Z","kind":"verify_started"}
{"id":"E-VERIFY-DONE-chat-1771576614152-1771577567941614672","task_id":"chat-1771576614152","repo_id":".","at":"2026-02-20T08:52:47.941614672Z","kind":{"verify_completed":{"success":true}}}
{"id":"E-SUBMIT-START-chat-1771576614152-1771577590130091417","task_id":"chat-1771576614152","repo_id":".","at":"2026-02-20T08:53:10.130091417Z","kind":{"task_state_changed":{"from":"READY","to":"SUBMITTING"}}}
{"id":"E-SUBMIT-START-chat-1771576614152-1771577590130091417-submit-started","task_id":"chat-1771576614152","repo_id":".","at":"2026-02-20T08:53:10.130091417Z","kind":{"submit_started":{"mode":"stack"}}}
{"id":"E-SUBMIT-DONE-chat-1771576614152-1771577590130091417","task_id":"chat-1771576614152","repo_id":".","at":"2026-02-20T08:53:10.130091417Z","kind":{"task_state_changed":{"from":"SUBMITTING","to":"AWAITING_MERGE"}}}
{"id":"E-SUBMIT-DONE-chat-1771576614152-1771577590130091417-submit-completed","task_id":"chat-1771576614152","repo_id":".","at":"2026-02-20T08:53:10.130091417Z","kind":"submit_completed"}
