{"id":"E-CREATE-chat-1771572988785","task_id":"chat-1771572988785","repo_id":".","at":"2026-02-20T07:36:30.075668574Z","kind":"task_created"}
{"id":"E-AGENT-SPAWNED-chat-1771572988785-1771572991499073228","task_id":"chat-1771572988785","repo_id":".","at":"2026-02-20T07:36:31.499073228Z","kind":{"agent_spawned":{"model":"codex"}}}
{"id":"E-AGENT-SPAWNED-chat-1771572988785-1771573060031600438","task_id":"chat-1771572988785","repo_id":".","at":"2026-02-20T07:37:40.031600438Z","kind":{"agent_spawned":{"model":"codex"}}}
{"id":"E-AGENT-COMPLETED-chat-1771572988785-1771573151123112891","task_id":"chat-1771572988785","repo_id":".","at":"2026-02-20T07:39:11.123112891Z","kind":{"agent_completed":{"model":"codex","success":true,"duration_secs":159}}}
{"id":"E-READY-chat-1771572988785-1771573151136329538","task_id":"chat-1771572988785","repo_id":".","at":"2026-02-20T07:39:11.136329538Z","kind":{"task_state_changed":{"from":"CHATTING","to":"READY"}}}
{"id":"E-VERIFY-START-chat-1771572988785-1771573153145973167","task_id":"chat-1771572988785","repo_id":".","at":"2026-02-20T07:39:13.145973167Z","kind":"verify_started"}
{"id":"E-VERIFY-DONE-chat-1771572988785-1771573153145973167","task_id":"chat-1771572988785","repo_id":".","at":"2026-02-20T07:39:13.145973167Z","kind":{"verify_completed":{"success":false}}}
{"id":"E-RETRY-STATE-chat-1771572988785-1771573153145973167","task_id":"chat-1771572988785","repo_id":".","at":"2026-02-20T07:39:13.145973167Z","kind":{"task_state_changed":{"from":"READY","to":"CHATTING"}}}
{"id":"E-RETRY-chat-1771572988785-1771573153145973167","task_id":"chat-1771572988785","repo_id":".","at":"2026-02-20T07:39:13.145973167Z","kind":{"retry_scheduled":{"attempt":1,"model":"codex","reason":"verify command `nix develop -c cargo test --all-targets --all-features` failed (exit=Some(101))\nstdout: üéÆ PonziLand development environment loaded!\nüìÅ Database URL: postgres://chaindata:chaindata@localhost/chaindata\nüîß Available tools: dojo, scarb, starkli, slot, cargo-nextest, sqlx-cli\nüìú Scripts: nix run .#migrate, nix run .#new-migration\nüêò Database: Run 'dev' to start PostgreSQL with process-compose\nstderr: warning: Git tree '/home/server/clawd/projects/PonziLand/.orch/wt/chat-1771572988785' is dirty\nevaluation warning: buildRustPackage: `useFetchCargoVendor` is non‚Äêoptional and enabled by default as of 25.05, remove it\nwarning: /home/server/clawd/projects/PonziLand/.orch/wt/chat-1771572988785/Cargo.toml: unused manifest key: workspace.edition\n   Compiling proc-macro2 v1.0.95\n   Compiling unicode-ident v1.0.18\n   Compiling serde v1.0.219\n   Compiling libc v0.2.172\n   Compiling cfg-if v1.0.0\n   Compiling autocfg v1.4.0\n   Compiling memchr v2.7.4\n   Compiling bytes v1.10.1\n   Compiling quote v1.0.40\n   Compiling syn v2.0.101\n   Compiling pin-project-lite v0.2.16\n   Compiling once_cell v1.21.3\n   Compiling version_check v0.9.5\n   Compiling itoa v1.0.15\n   Compiling equivalent v1.0.2\n   Compiling foldhash v0.1.5\n   Compiling allocator-api2 v0.2.21\n   Compiling subtle v2.6.1\n   Compiling typenum v1.18.0\n   Compiling generic-array v0.14.7\n   Compiling futures-core v0.3.31\n   Compiling jobserver v0.1.33\n   Compiling shlex v1.3.0\n   Compiling cc v1.2.25\n   Compiling socket2 v0.5.10\n   Compiling mio v1.0.4\n   Compiling crypto-common v0.1.6\n   Compiling lock_api v0.4.13\n   Compiling parking_lot_core v0.9.11\n   Compiling getrandom v0.2.16\n   Compiling slab v0.4.9\n   Compiling scopeguard v1.2.0\n   Compiling fnv v1.0.7\n   Compiling block-buffer v0.10.4\n   Compiling digest v0.10.7\n   Compiling zerocopy v0.8.25\n   Compiling futures-io v0.3.31\n   Compiling futures-task v0.3.31\n   Compiling pin-utils v0.1.0\n   Compiling log v0.4.27\n   Compiling ryu v1.0.20\n   Compiling cpufeatures v0.2.17\n   Compiling stable_deref_trait v1.2.0\n   Compiling tracing-core v0.1.33\n   Compiling num-traits v0.2.19\n   Compiling zeroize v1.8.1\n   Compiling sha2 v0.10.9\n   Compiling rand_core v0.6.4\n   Compiling synstructure v0.13.2\n   Compiling signal-hook-registry v1.4.5\n   Compiling ppv-lite86 v0.2.21\n   Compiling futures-sink v0.3.31\n   Compiling percent-encoding v2.3.1\n   Compiling hashbrown v0.15.5\n   Compiling tower-service v0.3.3\n   Compiling rand_chacha v0.3.1\n   Compiling futures-channel v0.3.31\n   Compiling hex v0.4.3\n   Compiling keccak v0.1.5\n   Compiling rustls-pki-types v1.12.0\n   Compiling sha3 v0.10.8\n   Compiling ring v0.17.14\n   Compiling httparse v1.10.1\n   Compiling base64 v0.22.1\n   Compiling serde_derive v1.0.219\n   Compiling tracing-attributes v0.1.28\n   Compiling tokio-macros v2.5.0\n   Compiling zerofrom-derive v0.1.6\n   Compiling tracing v0.1.41\n   Compiling yoke-derive v0.8.0\n   Compiling zerofrom v0.1.6\n   Compiling futures-macro v0.3.31\n   Compiling yoke v0.8.0\n   Compiling zerovec-derive v0.11.1\n   Compiling futures-util v0.3.31\n   Compiling zerovec v0.11.2\n   Compiling displaydoc v0.2.5\n   Compiling tinystr v0.8.1\n   Compiling hmac v0.12.1\n   Compiling http v1.3.1\n   Compiling litemap v0.8.0\n   Compiling smallvec v1.15.0\n   Compiling indexmap v2.11.1\n   Compiling parking_lot v0.12.4\n   Compiling tokio v1.45.1\n   Compiling byteorder v1.5.0\n   Compiling writeable v0.6.1\n   Compiling either v1.15.0\n   Compiling icu_locale_core v2.0.0\n   Compiling zerotrie v0.2.2\n   Compiling potential_utf v0.1.2\n   Compiling num-integer v0.1.46\n   Compiling icu_properties_data v2.0.1\n   Compiling try-lock v0.2.5\n   Compiling serde_json v1.0.143\n   Compiling icu_normalizer_data v2.0.0\n   Compiling want v0.3.1\n   Compiling icu_provider v2.0.0\n   Compiling icu_collections v2.0.0\n   Compiling lambdaworks-math v0.10.0\n   Compiling untrusted v0.9.0\n   Compiling tower-layer v0.3.3\n   Compiling lambdaworks-crypto v0.10.0\n   Compiling form_urlencoded v1.2.1\n   Compiling blake2 v0.10.6\n   Compiling icu_normalizer v2.0.0\n   Compiling icu_properties v2.0.1\n   Compiling http-body v1.0.1\n   Compiling strsim v0.11.1\n   Compiling utf8_iter v1.0.4\n   Compiling tokio-util v0.7.15\n   Compiling num-bigint v0.4.6\n   Compiling idna_adapter v1.2.1\n   Compiling idna v1.0.3\n   Compiling openssl-probe v0.1.6\n   Compiling vcpkg v0.2.15\n   Compiling pkg-config v0.3.32\n   Compiling thiserror v2.0.12\n   Compiling crunchy v0.2.3\n   Compiling thiserror-impl v2.0.12\n   Compiling static_assertions v1.1.0\n   Compiling bitflags v2.9.1\n   Compiling openssl-sys v0.9.109\n   Compiling sync_wrapper v1.0.2\n   Compiling aho-corasick v1.1.3\n   Compiling regex-syntax v0.8.5\n   Compiling openssl v0.10.73\n   Compiling ipnet v2.11.0\n   Compiling adler2 v2.0.0\n   Compiling ident_case v1.0.1\n   Compiling foreign-types-shared v0.1.1\n   Compiling rustc-hex v2.1.0\n   Compiling foreign-types v0.3.2\n   Compiling darling_core v0.20.11\n   Compiling miniz_oxide v0.8.8\n   Compiling openssl-macros v0.1.1\n   Compiling webpki-roots v1.0.0\n   Compiling crc32fast v1.4.2\n   Compiling mime v0.3.17\n   Compiling rand v0.8.5\n   Compiling flate2 v1.1.1\n   Compiling native-tls v0.2.14\n   Compiling darling_macro v0.20.11\n   Compiling lazy_static v1.5.0\n   Compiling rlp v0.5.2\n   Compiling darling v0.20.11\n   Compiling http-body-util v0.1.3\n   Compiling rfc6979 v0.4.0\n   Compiling async-trait v0.1.88\n   Compiling inout v0.1.4\n   Compiling serde_json_pythonic v0.1.2\n   Compiling thiserror v1.0.69\n   Compiling cipher v0.4.4\n   Compiling impl-rlp v0.3.0\n   Compiling serde_with_macros v3.12.0\n   Compiling impl-serde v0.4.0\n   Compiling thiserror-impl v1.0.69\n   Compiling anyhow v1.0.98\n   Compiling tiny-keccak v2.0.2\n   Compiling httpdate v1.0.3\n   Compiling uint v0.9.5\n   Compiling starknet-core-derive v0.1.0\n   Compiling serde_with v3.12.0\n   Compiling serde_urlencoded v0.7.1\n   Compiling cmake v0.1.54\n   Compiling fs_extra v1.3.0\n   Compiling dunce v1.0.5\n   Compiling iri-string v0.7.8\n   Compiling aws-lc-sys v0.29.0\n   Compiling salsa20 v0.10.2\n   Compiling pbkdf2 v0.11.0\n   Compiling scrypt v0.10.0\n   Compiling ctr v0.9.2\n   Compiling aes v0.8.4\n   Compiling starknet-types-core v0.2.0\nwarning: aws-lc-sys@0.29.0: Building with: CC\nwarning: aws-lc-sys@0.29.0: Symbol Prefix: Some(\"aws_lc_0_29_0\")\nwarning: aws-lc-sys@0.29.0: Compilation of 'c11.c' succeeded - Ok([\"/home/server/clawd/projects/PonziLand/.orch/wt/chat-1771572988785/target/debug/build/aws-lc-sys-df9cf652a01d7199/out/out-c11/7dfda64fdf5a526c-c11.o\"]).\nwarning: aws-lc-sys@0.29.0: Environment Variable found 'CC': 'gcc'\nwarning: aws-lc-sys@0.29.0: Setting CC_x86_64_unknown_linux_gnu: gcc\nwarning: aws-lc-sys@0.29.0: Environment Variable found 'CXX': 'g++'\nwarning: aws-lc-sys@0.29.0: Setting CXX_x86_64_unknown_linux_gnu: g++\nwarning: aws-lc-sys@0.29.0: Compilation of 'stdalign_check.c' succeeded - Ok([\"/home/server/clawd/projects/PonziLand/.orch/wt/chat-1771572988785/target/debug/build/aws-lc-sys-df9cf652a01d7199/out/out-stdalign_check/7dfda64fdf5a526c-stdalign_check.o\"]).\nwarning: aws-lc-sys@0.29.0: Compilation of 'builtin_swap_check.c' succeeded - Ok([\"/home/server/clawd/projects/PonziLand/.orch/wt/chat-1771572988785/target/debug/build/aws-lc-sys-df9cf652a01d7199/out/out-builtin_swap_check/7dfda64fdf5a526c-builtin_swap_check.o\"]).\nerror: failed to run custom build command for `aws-lc-sys v0.29.0`\n\nCaused by:\n  process didn't exit successfully: `/home/server/clawd/projects/PonziLand/.orch/wt/chat-1771572988785/target/debug/build/aws-lc-sys-eff1cc24af4416bb/build-script-main` (exit status: 101)\n  --- stdout\n  cargo:rerun-if-env-changed=AWS_LC_SYS_NO_PREFIX_x86_64_unknown_linux_gnu\n  cargo:rerun-if-env-changed=AWS_LC_SYS_NO_PREFIX\n  cargo:rerun-if-env-changed=AWS_LC_SYS_PREGENERATING_BINDINGS_x86_64_unknown_linux_gnu\n  cargo:rerun-if-env-changed=AWS_LC_SYS_PREGENERATING_BINDINGS\n  cargo:rerun-if-env-changed=AWS_LC_SYS_EXTERNAL_BINDGEN_x86_64_unknown_linux_gnu\n  cargo:rerun-if-env-changed=AWS_LC_SYS_EXTERNAL_BINDGEN\n  cargo:rerun-if-env-changed=AWS_LC_SYS_NO_ASM_x86_64_unknown_linux_gnu\n  cargo:rerun-if-env-changed=AWS_LC_SYS_NO_ASM\n  cargo:rerun-if-env-changed=AWS_LC_SYS_CFLAGS_x86_64_unknown_linux_gnu\n  cargo:rerun-if-env-changed=AWS_LC_SYS_CFLAGS\n  cargo:rerun-if-env-changed=CFLAGS_x86_64-unknown-linux-gnu\n  cargo:rerun-if-env-changed=CFLAGS\n  cargo:rerun-if-env-changed=AWS_LC_SYS_PREBUILT_NASM_x86_64_unknown_linux_gnu\n  cargo:rerun-if-env-changed=AWS_LC_SYS_PREBUILT_NASM\n  cargo:rerun-if-env-changed=AWS_LC_SYS_C_STD_x86_64_unknown_linux_gnu\n  cargo:rerun-if-env-changed=AWS_LC_SYS_C_STD\n  cargo:rerun-if-env-changed=AWS_LC_SYS_CMAKE_BUILDER_x86_64_unknown_linux_gnu\n  cargo:rerun-if-env-changed=AWS_LC_SYS_CMAKE_BUILDER\n  cargo:rerun-if-env-changed=AWS_LC_SYS_NO_PREGENERATED_SRC_x86_64_unknown_linux_gnu\n  cargo:rerun-if-env-changed=AWS_LC_SYS_NO_PREGENERATED_SRC\n  cargo:rerun-if-env-changed=AWS_LC_SYS_EFFECTIVE_TARGET_x86_64_unknown_linux_gnu\n  cargo:rerun-if-env-changed=AWS_LC_SYS_EFFECTIVE_TARGET\n  cargo:rustc-cfg=x86_64_unknown_linux_gnu\n  cargo:rerun-if-env-changed=AWS_LC_SYS_STATIC_x86_64_unknown_linux_gnu\n  cargo:rerun-if-env-changed=AWS_LC_SYS_STATIC\n  default_for Target: 'x86_64-unknown-linux-gnu'\n  cargo:rerun-if-env-changed=CARGO_FEATURE_SSL\n  cargo:warning=Building with: CC\n  cargo:warning=Symbol Prefix: Some(\"aws_lc_0_29_0\")\n  default_for Target: 'x86_64-unknown-linux-gnu'\n  cargo:rerun-if-env-changed=CARGO_FEATURE_SSL\n  cargo:root=/home/server/clawd/projects/PonziLand/.orch/wt/chat-1771572988785/target/debug/build/aws-lc-sys-df9cf652a01d7199/out\n  default_for Target: 'x86_64-unknown-linux-gnu'\n  OPT_LEVEL = Some(0)\n  OUT_DIR = Some(/home/server/clawd/projects/PonziLand/.orch/wt/chat-1771572988785/target/debug/build/aws-lc-sys-df9cf652a01d7199/out)\n  TARGET = Some(x86_64-unknown-linux-gnu)\n  HOST = Some(x86_64-unknown-linux-gnu)\n  cargo:rerun-if-env-changed=CC_x86_64-unknown-linux-gnu\n  CC_x86_64-unknown-linux-gnu = None\n  cargo:rerun-if-env-changed=CC_x86_64_unknown_linux_gnu\n  CC_x86_64_unknown_linux_gnu = None\n  cargo:rerun-if-env-changed=HOST_CC\n  HOST_CC = None\n  cargo:rerun-if-env-changed=CC\n  CC = Some(gcc)\n  cargo:rerun-if-env-changed=CC_KNOWN_WRAPPER_CUSTOM\n  CC_KNOWN_WRAPPER_CUSTOM = None\n  RUSTC_WRAPPER = None\n  cargo:rerun-if-env-changed=CC_ENABLE_DEBUG_OUTPUT\n  cargo:rerun-if-env-changed=CRATE_CC_NO_DEFAULTS\n  CRATE_CC_NO_DEFAULTS = None\n  DEBUG = Some(true)\n  CARGO_CFG_TARGET_FEATURE = Some(fxsr,sse,sse2)\n  cargo:rerun-if-env-changed=CFLAGS\n  CFLAGS = None\n  cargo:rerun-if-env-changed=HOST_CFLAGS\n  HOST_CFLAGS = None\n  cargo:rerun-if-env-changed=CFLAGS_x86_64_unknown_linux_gnu\n  CFLAGS_x86_64_unknown_linux_gnu = None\n  cargo:rerun-if-env-changed=CFLAGS_x86_64-unknown-linux-gnu\n  CFLAGS_x86_64-unknown-linux-gnu = None\n  CARGO_ENCODED_RUSTFLAGS = Some()\n  OPT_LEVEL = Some(0)\n  TARGET = Some(x86_64-unknown-linux-gnu)\n  HOST = Some(x86_64-unknown-linux-gnu)\n  cargo:rerun-if-env-changed=CC_x86_64-unknown-linux-gnu\n  CC_x86_64-unknown-linux-gnu = None\n  cargo:rerun-if-env-changed=CC_x86_64_unknown_linux_gnu\n  CC_x86_64_unknown_linux_gnu = None\n  cargo:rerun-if-env-changed=HOST_CC\n  HOST_CC = None\n  cargo:rerun-if-env-changed=CC\n  CC = Some(gcc)\n  cargo:rerun-if-env-changed=CC_KNOWN_WRAPPER_CUSTOM\n  CC_KNOWN_WRAPPER_CUSTOM = None\n  RUSTC_WRAPPER = None\n  cargo:rerun-if-env-changed=CC_ENABLE_DEBUG_OUTPUT\n  cargo:rerun-if-env-changed=CRATE_CC_NO_DEFAULTS\n  CRATE_CC_NO_DEFAULTS = None\n  DEBUG = Some(true)\n  CARGO_CFG_TARGET_FEATURE = Some(fxsr,sse,sse2)\n  cargo:rerun-if-env-changed=CFLAGS\n  CFLAGS = None\n  cargo:rerun-if-env-changed=HOST_CFLAGS\n  HOST_CFLAGS = None\n  cargo:rerun-if-env-changed=CFLAGS_x86_64_unknown_linux_gnu\n  CFLAGS_x86_64_unknown_linux_gnu = None\n  cargo:rerun-if-env-changed=CFLAGS_x86_64-unknown-linux-gnu\n  CFLAGS_x86_64-unknown-linux-gnu = None\n  CARGO_ENCODED_RUSTFLAGS = Some()\n  cargo:warning=Compilation of 'c11.c' succeeded - Ok([\"/home/server/clawd/projects/PonziLand/.orch/wt/chat-1771572988785/target/debug/build/aws-lc-sys-df9cf652a01d7199/out/out-c11/7dfda64fdf5a526c-c11.o\"]).\n  cargo:rerun-if-env-changed=AWS_LC_SYS_CC_x86_64_unknown_linux_gnu\n  cargo:rerun-if-env-changed=AWS_LC_SYS_CC\n  cargo:rerun-if-env-changed=CC_x86_64-unknown-linux-gnu\n  cargo:rerun-if-env-changed=CC\n  cargo:warning=Environment Variable found 'CC': 'gcc'\n  cargo:warning=Setting CC_x86_64_unknown_linux_gnu: gcc\n  cargo:rerun-if-env-changed=AWS_LC_SYS_CXX_x86_64_unknown_linux_gnu\n  cargo:rerun-if-env-changed=AWS_LC_SYS_CXX\n  cargo:rerun-if-env-changed=CXX_x86_64-unknown-linux-gnu\n  cargo:rerun-if-env-changed=CXX\n  cargo:warning=Environment Variable found 'CXX': 'g++'\n  cargo:warning=Setting CXX_x86_64_unknown_linux_gnu: g++\n  OPT_LEVEL = Some(0)\n  TARGET = Some(x86_64-unknown-linux-gnu)\n  HOST = Some(x86_64-unknown-linux-gnu)\n  cargo:rerun-if-env-changed=CC_x86_64-unknown-linux-gnu\n  CC_x86_64-unknown-linux-gnu = None\n  cargo:rerun-if-env-changed=CC_x86_64_unknown_linux_gnu\n  CC_x86_64_unknown_linux_gnu = Some(gcc)\n  cargo:rerun-if-env-changed=CC_KNOWN_WRAPPER_CUSTOM\n  CC_KNOWN_WRAPPER_CUSTOM = None\n  RUSTC_WRAPPER = None\n  cargo:rerun-if-env-changed=CC_ENABLE_DEBUG_OUTPUT\n  cargo:rerun-if-env-changed=CRATE_CC_NO_DEFAULTS\n  CRATE_CC_NO_DEFAULTS = None\n  DEBUG = Some(true)\n  CARGO_CFG_TARGET_FEATURE = Some(fxsr,sse,sse2)\n  cargo:rerun-if-env-changed=CFLAGS\n  CFLAGS = None\n  cargo:rerun-if-env-changed=HOST_CFLAGS\n  HOST_CFLAGS = None\n  cargo:rerun-if-env-changed=CFLAGS_x86_64_unknown_linux_gnu\n  CFLAGS_x86_64_unknown_linux_gnu = None\n  cargo:rerun-if-env-changed=CFLAGS_x86_64-unknown-linux-gnu\n  CFLAGS_x86_64-unknown-linux-gnu = None\n  CARGO_ENCODED_RUSTFLAGS = Some()\n  cargo:warning=Compilation of 'stdalign_check.c' succeeded - Ok([\"/home/server/clawd/projects/PonziLand/.orch/wt/chat-1771572988785/target/debug/build/aws-lc-sys-df9cf652a01d7199/out/out-stdalign_check/7dfda64fdf5a526c-stdalign_check.o\"]).\n  OPT_LEVEL = Some(0)\n  TARGET = Some(x86_64-unknown-linux-gnu)\n  HOST = Some(x86_64-unknown-linux-gnu)\n  cargo:rerun-if-env-changed=CC_x86_64-unknown-linux-gnu\n  CC_x86_64-unknown-linux-gnu = None\n  cargo:rerun-if-env-changed=CC_x86_64_unknown_linux_gnu\n  CC_x86_64_unknown_linux_gnu = Some(gcc)\n  cargo:rerun-if-env-changed=CC_KNOWN_WRAPPER_CUSTOM\n  CC_KNOWN_WRAPPER_CUSTOM = None\n  RUSTC_WRAPPER = None\n  cargo:rerun-if-env-changed=CC_ENABLE_DEBUG_OUTPUT\n  cargo:rerun-if-env-changed=CRATE_CC_NO_DEFAULTS\n  CRATE_CC_NO_DEFAULTS = None\n  DEBUG = Some(true)\n  CARGO_CFG_TARGET_FEATURE = Some(fxsr,sse,sse2)\n  cargo:rerun-if-env-changed=CFLAGS\n  CFLAGS = None\n  cargo:rerun-if-env-changed=HOST_CFLAGS\n  HOST_CFLAGS = None\n  cargo:rerun-if-env-changed=CFLAGS_x86_64_unknown_linux_gnu\n  CFLAGS_x86_64_unknown_linux_gnu = None\n  cargo:rerun-if-env-changed=CFLAGS_x86_64-unknown-linux-gnu\n  CFLAGS_x86_64-unknown-linux-gnu = None\n  CARGO_ENCODED_RUSTFLAGS = Some()\n  cargo:warning=Compilation of 'builtin_swap_check.c' succeeded - Ok([\"/home/server/clawd/projects/PonziLand/.orch/wt/chat-1771572988785/target/debug/build/aws-lc-sys-df9cf652a01d7199/out/out-builtin_swap_check/7dfda64fdf5a526c-builtin_swap_check.o\"]).\n  OPT_LEVEL = Some(0)\n  OUT_DIR = Some(/home/server/clawd/projects/PonziLand/.orch/wt/chat-1771572988785/target/debug/build/aws-lc-sys-df9cf652a01d7199/out)\n  TARGET = Some(x86_64-unknown-linux-gnu)\n  HOST = Some(x86_64-unknown-linux-gnu)\n  cargo:rerun-if-env-changed=CC_x86_64-unknown-linux-gnu\n  CC_x86_64-unknown-linux-gnu = None\n  cargo:rerun-if-env-changed=CC_x86_64_unknown_linux_gnu\n  CC_x86_64_unknown_linux_gnu = Some(gcc)\n  cargo:rerun-if-env-changed=CC_KNOWN_WRAPPER_CUSTOM\n  CC_KNOWN_WRAPPER_CUSTOM = None\n  RUSTC_WRAPPER = None\n  cargo:rerun-if-env-changed=CC_ENABLE_DEBUG_OUTPUT\n  cargo:rerun-if-env-changed=CRATE_CC_NO_DEFAULTS\n  CRATE_CC_NO_DEFAULTS = None\n  DEBUG = Some(true)\n  CARGO_CFG_TARGET_FEATURE = Some(fxsr,sse,sse2)\n  cargo:rerun-if-env-changed=CFLAGS\n  CFLAGS = None\n  cargo:rerun-if-env-changed=HOST_CFLAGS\n  HOST_CFLAGS = None\n  cargo:rerun-if-env-changed=CFLAGS_x86_64_unknown_linux_gnu\n  CFLAGS_x86_64_unknown_linux_gnu = None\n  cargo:rerun-if-env-changed=CFLAGS_x86_64-unknown-linux-gnu\n  CFLAGS_x86_64-unknown-linux-gnu = None\n  CARGO_ENCODED_RUSTFLAGS = Some()\n\n  --- stderr\n\n  thread 'main' panicked at /home/server/.cargo/registry/src/index.crates.io-1949cf8c6b5b557f/aws-lc-sys-0.29.0/builder/cc_builder.rs:471:9:\n  COMPILER: gccARGS: [\"-O0\", \"-ffunction-sections\", \"-fdata-sections\", \"-fPIC\", \"-gdwarf-4\", \"-fno-omit-frame-pointer\", \"-m64\", \"-Wall\", \"-Wextra\", \"/home/server/.cargo/registry/src/index.crates.io-1949cf8c6b5b557f/aws-lc-sys-0.29.0/aws-lc/tests/compiler_features_tests/memcmp_invalid_stripped_check.c\", \"-Wno-unused-parameter\", \"-o\", \"/home/server/clawd/projects/PonziLand/.orch/wt/chat-1771572988785/target/debug/build/aws-lc-sys-df9cf652a01d7199/out/memcmp_invalid_stripped_check\"]EXECUTED: trueERROR: /nix/store/7h3qnwgvkw6z2r8lq4j5mks4l6r5x2cq-binutils-2.44/bin/ld: cannot find Scrt1.o: No such file or directory\n  /nix/store/7h3qnwgvkw6z2r8lq4j5mks4l6r5x2cq-binutils-2.44/bin/ld: cannot find crti.o: No such file or directory\n  collect2: error: ld returned 1 exit status\n  OUTPUT: Failed to compile memcmp_invalid_stripped_check\n              \n  note: run with `RUST_BACKTRACE=1` environment variable to display a backtrace\nwarning: build failed, waiting for other jobs to finish..."}}}
{"id":"E-AGENT-SPAWNED-chat-1771572988785-1771573202449377704","task_id":"chat-1771572988785","repo_id":".","at":"2026-02-20T07:40:02.449377704Z","kind":{"agent_spawned":{"model":"codex"}}}
{"id":"E-AGENT-COMPLETED-chat-1771572988785-1771573306992260587","task_id":"chat-1771572988785","repo_id":".","at":"2026-02-20T07:41:46.992260587Z","kind":{"agent_completed":{"model":"codex","success":true,"duration_secs":104}}}
{"id":"E-READY-chat-1771572988785-1771573306999337678","task_id":"chat-1771572988785","repo_id":".","at":"2026-02-20T07:41:46.999337678Z","kind":{"task_state_changed":{"from":"CHATTING","to":"READY"}}}
{"id":"E-VERIFY-START-chat-1771572988785-1771573309006482899","task_id":"chat-1771572988785","repo_id":".","at":"2026-02-20T07:41:49.006482899Z","kind":"verify_started"}
{"id":"E-VERIFY-DONE-chat-1771572988785-1771573309006482899","task_id":"chat-1771572988785","repo_id":".","at":"2026-02-20T07:41:49.006482899Z","kind":{"verify_completed":{"success":false}}}
{"id":"E-RETRY-STATE-chat-1771572988785-1771573309006482899","task_id":"chat-1771572988785","repo_id":".","at":"2026-02-20T07:41:49.006482899Z","kind":{"task_state_changed":{"from":"READY","to":"CHATTING"}}}
{"id":"E-RETRY-chat-1771572988785-1771573309006482899","task_id":"chat-1771572988785","repo_id":".","at":"2026-02-20T07:41:49.006482899Z","kind":{"retry_scheduled":{"attempt":2,"model":"codex","reason":"verify command `nix develop -c cargo test --all-targets --all-features` failed (exit=Some(101))\nstdout: üéÆ PonziLand development environment loaded!\nüìÅ Database URL: postgres://chaindata:chaindata@localhost/chaindata\nüîß Available tools: dojo, scarb, starkli, slot, cargo-nextest, sqlx-cli\nüìú Scripts: nix run .#migrate, nix run .#new-migration\nüêò Database: Run 'dev' to start PostgreSQL with process-compose\nstderr: warning: Git tree '/home/server/clawd/projects/PonziLand/.orch/wt/chat-1771572988785' is dirty\nevaluation warning: buildRustPackage: `useFetchCargoVendor` is non‚Äêoptional and enabled by default as of 25.05, remove it\nwarning: /home/server/clawd/projects/PonziLand/.orch/wt/chat-1771572988785/Cargo.toml: unused manifest key: workspace.edition\n   Compiling aws-lc-sys v0.29.0\n   Compiling openssl v0.10.73\n   Compiling starknet-types-core v0.2.0\n   Compiling uuid v0.8.2\n   Compiling tokio v1.45.1\nwarning: aws-lc-sys@0.29.0: Building with: CC\nwarning: aws-lc-sys@0.29.0: Symbol Prefix: Some(\"aws_lc_0_29_0\")\nwarning: aws-lc-sys@0.29.0: Compilation of 'c11.c' succeeded - Ok([\"/home/server/clawd/projects/PonziLand/.orch/wt/chat-1771572988785/target/debug/build/aws-lc-sys-df9cf652a01d7199/out/out-c11/7dfda64fdf5a526c-c11.o\"]).\nwarning: aws-lc-sys@0.29.0: Environment Variable found 'CC': 'gcc'\nwarning: aws-lc-sys@0.29.0: Setting CC_x86_64_unknown_linux_gnu: gcc\nwarning: aws-lc-sys@0.29.0: Environment Variable found 'CXX': 'g++'\nwarning: aws-lc-sys@0.29.0: Setting CXX_x86_64_unknown_linux_gnu: g++\nwarning: aws-lc-sys@0.29.0: Compilation of 'stdalign_check.c' succeeded - Ok([\"/home/server/clawd/projects/PonziLand/.orch/wt/chat-1771572988785/target/debug/build/aws-lc-sys-df9cf652a01d7199/out/out-stdalign_check/7dfda64fdf5a526c-stdalign_check.o\"]).\nwarning: aws-lc-sys@0.29.0: Compilation of 'builtin_swap_check.c' succeeded - Ok([\"/home/server/clawd/projects/PonziLand/.orch/wt/chat-1771572988785/target/debug/build/aws-lc-sys-df9cf652a01d7199/out/out-builtin_swap_check/7dfda64fdf5a526c-builtin_swap_check.o\"]).\nerror: failed to run custom build command for `aws-lc-sys v0.29.0`\n\nCaused by:\n  process didn't exit successfully: `/home/server/clawd/projects/PonziLand/.orch/wt/chat-1771572988785/target/debug/build/aws-lc-sys-eff1cc24af4416bb/build-script-main` (exit status: 101)\n  --- stdout\n  cargo:rerun-if-env-changed=AWS_LC_SYS_NO_PREFIX_x86_64_unknown_linux_gnu\n  cargo:rerun-if-env-changed=AWS_LC_SYS_NO_PREFIX\n  cargo:rerun-if-env-changed=AWS_LC_SYS_PREGENERATING_BINDINGS_x86_64_unknown_linux_gnu\n  cargo:rerun-if-env-changed=AWS_LC_SYS_PREGENERATING_BINDINGS\n  cargo:rerun-if-env-changed=AWS_LC_SYS_EXTERNAL_BINDGEN_x86_64_unknown_linux_gnu\n  cargo:rerun-if-env-changed=AWS_LC_SYS_EXTERNAL_BINDGEN\n  cargo:rerun-if-env-changed=AWS_LC_SYS_NO_ASM_x86_64_unknown_linux_gnu\n  cargo:rerun-if-env-changed=AWS_LC_SYS_NO_ASM\n  cargo:rerun-if-env-changed=AWS_LC_SYS_CFLAGS_x86_64_unknown_linux_gnu\n  cargo:rerun-if-env-changed=AWS_LC_SYS_CFLAGS\n  cargo:rerun-if-env-changed=CFLAGS_x86_64-unknown-linux-gnu\n  cargo:rerun-if-env-changed=CFLAGS\n  cargo:rerun-if-env-changed=AWS_LC_SYS_PREBUILT_NASM_x86_64_unknown_linux_gnu\n  cargo:rerun-if-env-changed=AWS_LC_SYS_PREBUILT_NASM\n  cargo:rerun-if-env-changed=AWS_LC_SYS_C_STD_x86_64_unknown_linux_gnu\n  cargo:rerun-if-env-changed=AWS_LC_SYS_C_STD\n  cargo:rerun-if-env-changed=AWS_LC_SYS_CMAKE_BUILDER_x86_64_unknown_linux_gnu\n  cargo:rerun-if-env-changed=AWS_LC_SYS_CMAKE_BUILDER\n  cargo:rerun-if-env-changed=AWS_LC_SYS_NO_PREGENERATED_SRC_x86_64_unknown_linux_gnu\n  cargo:rerun-if-env-changed=AWS_LC_SYS_NO_PREGENERATED_SRC\n  cargo:rerun-if-env-changed=AWS_LC_SYS_EFFECTIVE_TARGET_x86_64_unknown_linux_gnu\n  cargo:rerun-if-env-changed=AWS_LC_SYS_EFFECTIVE_TARGET\n  cargo:rustc-cfg=x86_64_unknown_linux_gnu\n  cargo:rerun-if-env-changed=AWS_LC_SYS_STATIC_x86_64_unknown_linux_gnu\n  cargo:rerun-if-env-changed=AWS_LC_SYS_STATIC\n  default_for Target: 'x86_64-unknown-linux-gnu'\n  cargo:rerun-if-env-changed=CARGO_FEATURE_SSL\n  cargo:warning=Building with: CC\n  cargo:warning=Symbol Prefix: Some(\"aws_lc_0_29_0\")\n  default_for Target: 'x86_64-unknown-linux-gnu'\n  cargo:rerun-if-env-changed=CARGO_FEATURE_SSL\n  cargo:root=/home/server/clawd/projects/PonziLand/.orch/wt/chat-1771572988785/target/debug/build/aws-lc-sys-df9cf652a01d7199/out\n  default_for Target: 'x86_64-unknown-linux-gnu'\n  OPT_LEVEL = Some(0)\n  OUT_DIR = Some(/home/server/clawd/projects/PonziLand/.orch/wt/chat-1771572988785/target/debug/build/aws-lc-sys-df9cf652a01d7199/out)\n  TARGET = Some(x86_64-unknown-linux-gnu)\n  HOST = Some(x86_64-unknown-linux-gnu)\n  cargo:rerun-if-env-changed=CC_x86_64-unknown-linux-gnu\n  CC_x86_64-unknown-linux-gnu = None\n  cargo:rerun-if-env-changed=CC_x86_64_unknown_linux_gnu\n  CC_x86_64_unknown_linux_gnu = None\n  cargo:rerun-if-env-changed=HOST_CC\n  HOST_CC = None\n  cargo:rerun-if-env-changed=CC\n  CC = Some(gcc)\n  cargo:rerun-if-env-changed=CC_KNOWN_WRAPPER_CUSTOM\n  CC_KNOWN_WRAPPER_CUSTOM = None\n  RUSTC_WRAPPER = None\n  cargo:rerun-if-env-changed=CC_ENABLE_DEBUG_OUTPUT\n  cargo:rerun-if-env-changed=CRATE_CC_NO_DEFAULTS\n  CRATE_CC_NO_DEFAULTS = None\n  DEBUG = Some(true)\n  CARGO_CFG_TARGET_FEATURE = Some(fxsr,sse,sse2)\n  cargo:rerun-if-env-changed=CFLAGS\n  CFLAGS = None\n  cargo:rerun-if-env-changed=HOST_CFLAGS\n  HOST_CFLAGS = None\n  cargo:rerun-if-env-changed=CFLAGS_x86_64_unknown_linux_gnu\n  CFLAGS_x86_64_unknown_linux_gnu = None\n  cargo:rerun-if-env-changed=CFLAGS_x86_64-unknown-linux-gnu\n  CFLAGS_x86_64-unknown-linux-gnu = None\n  CARGO_ENCODED_RUSTFLAGS = Some()\n  OPT_LEVEL = Some(0)\n  TARGET = Some(x86_64-unknown-linux-gnu)\n  HOST = Some(x86_64-unknown-linux-gnu)\n  cargo:rerun-if-env-changed=CC_x86_64-unknown-linux-gnu\n  CC_x86_64-unknown-linux-gnu = None\n  cargo:rerun-if-env-changed=CC_x86_64_unknown_linux_gnu\n  CC_x86_64_unknown_linux_gnu = None\n  cargo:rerun-if-env-changed=HOST_CC\n  HOST_CC = None\n  cargo:rerun-if-env-changed=CC\n  CC = Some(gcc)\n  cargo:rerun-if-env-changed=CC_KNOWN_WRAPPER_CUSTOM\n  CC_KNOWN_WRAPPER_CUSTOM = None\n  RUSTC_WRAPPER = None\n  cargo:rerun-if-env-changed=CC_ENABLE_DEBUG_OUTPUT\n  cargo:rerun-if-env-changed=CRATE_CC_NO_DEFAULTS\n  CRATE_CC_NO_DEFAULTS = None\n  DEBUG = Some(true)\n  CARGO_CFG_TARGET_FEATURE = Some(fxsr,sse,sse2)\n  cargo:rerun-if-env-changed=CFLAGS\n  CFLAGS = None\n  cargo:rerun-if-env-changed=HOST_CFLAGS\n  HOST_CFLAGS = None\n  cargo:rerun-if-env-changed=CFLAGS_x86_64_unknown_linux_gnu\n  CFLAGS_x86_64_unknown_linux_gnu = None\n  cargo:rerun-if-env-changed=CFLAGS_x86_64-unknown-linux-gnu\n  CFLAGS_x86_64-unknown-linux-gnu = None\n  CARGO_ENCODED_RUSTFLAGS = Some()\n  cargo:warning=Compilation of 'c11.c' succeeded - Ok([\"/home/server/clawd/projects/PonziLand/.orch/wt/chat-1771572988785/target/debug/build/aws-lc-sys-df9cf652a01d7199/out/out-c11/7dfda64fdf5a526c-c11.o\"]).\n  cargo:rerun-if-env-changed=AWS_LC_SYS_CC_x86_64_unknown_linux_gnu\n  cargo:rerun-if-env-changed=AWS_LC_SYS_CC\n  cargo:rerun-if-env-changed=CC_x86_64-unknown-linux-gnu\n  cargo:rerun-if-env-changed=CC\n  cargo:warning=Environment Variable found 'CC': 'gcc'\n  cargo:warning=Setting CC_x86_64_unknown_linux_gnu: gcc\n  cargo:rerun-if-env-changed=AWS_LC_SYS_CXX_x86_64_unknown_linux_gnu\n  cargo:rerun-if-env-changed=AWS_LC_SYS_CXX\n  cargo:rerun-if-env-changed=CXX_x86_64-unknown-linux-gnu\n  cargo:rerun-if-env-changed=CXX\n  cargo:warning=Environment Variable found 'CXX': 'g++'\n  cargo:warning=Setting CXX_x86_64_unknown_linux_gnu: g++\n  OPT_LEVEL = Some(0)\n  TARGET = Some(x86_64-unknown-linux-gnu)\n  HOST = Some(x86_64-unknown-linux-gnu)\n  cargo:rerun-if-env-changed=CC_x86_64-unknown-linux-gnu\n  CC_x86_64-unknown-linux-gnu = None\n  cargo:rerun-if-env-changed=CC_x86_64_unknown_linux_gnu\n  CC_x86_64_unknown_linux_gnu = Some(gcc)\n  cargo:rerun-if-env-changed=CC_KNOWN_WRAPPER_CUSTOM\n  CC_KNOWN_WRAPPER_CUSTOM = None\n  RUSTC_WRAPPER = None\n  cargo:rerun-if-env-changed=CC_ENABLE_DEBUG_OUTPUT\n  cargo:rerun-if-env-changed=CRATE_CC_NO_DEFAULTS\n  CRATE_CC_NO_DEFAULTS = None\n  DEBUG = Some(true)\n  CARGO_CFG_TARGET_FEATURE = Some(fxsr,sse,sse2)\n  cargo:rerun-if-env-changed=CFLAGS\n  CFLAGS = None\n  cargo:rerun-if-env-changed=HOST_CFLAGS\n  HOST_CFLAGS = None\n  cargo:rerun-if-env-changed=CFLAGS_x86_64_unknown_linux_gnu\n  CFLAGS_x86_64_unknown_linux_gnu = None\n  cargo:rerun-if-env-changed=CFLAGS_x86_64-unknown-linux-gnu\n  CFLAGS_x86_64-unknown-linux-gnu = None\n  CARGO_ENCODED_RUSTFLAGS = Some()\n  cargo:warning=Compilation of 'stdalign_check.c' succeeded - Ok([\"/home/server/clawd/projects/PonziLand/.orch/wt/chat-1771572988785/target/debug/build/aws-lc-sys-df9cf652a01d7199/out/out-stdalign_check/7dfda64fdf5a526c-stdalign_check.o\"]).\n  OPT_LEVEL = Some(0)\n  TARGET = Some(x86_64-unknown-linux-gnu)\n  HOST = Some(x86_64-unknown-linux-gnu)\n  cargo:rerun-if-env-changed=CC_x86_64-unknown-linux-gnu\n  CC_x86_64-unknown-linux-gnu = None\n  cargo:rerun-if-env-changed=CC_x86_64_unknown_linux_gnu\n  CC_x86_64_unknown_linux_gnu = Some(gcc)\n  cargo:rerun-if-env-changed=CC_KNOWN_WRAPPER_CUSTOM\n  CC_KNOWN_WRAPPER_CUSTOM = None\n  RUSTC_WRAPPER = None\n  cargo:rerun-if-env-changed=CC_ENABLE_DEBUG_OUTPUT\n  cargo:rerun-if-env-changed=CRATE_CC_NO_DEFAULTS\n  CRATE_CC_NO_DEFAULTS = None\n  DEBUG = Some(true)\n  CARGO_CFG_TARGET_FEATURE = Some(fxsr,sse,sse2)\n  cargo:rerun-if-env-changed=CFLAGS\n  CFLAGS = None\n  cargo:rerun-if-env-changed=HOST_CFLAGS\n  HOST_CFLAGS = None\n  cargo:rerun-if-env-changed=CFLAGS_x86_64_unknown_linux_gnu\n  CFLAGS_x86_64_unknown_linux_gnu = None\n  cargo:rerun-if-env-changed=CFLAGS_x86_64-unknown-linux-gnu\n  CFLAGS_x86_64-unknown-linux-gnu = None\n  CARGO_ENCODED_RUSTFLAGS = Some()\n  cargo:warning=Compilation of 'builtin_swap_check.c' succeeded - Ok([\"/home/server/clawd/projects/PonziLand/.orch/wt/chat-1771572988785/target/debug/build/aws-lc-sys-df9cf652a01d7199/out/out-builtin_swap_check/7dfda64fdf5a526c-builtin_swap_check.o\"]).\n  OPT_LEVEL = Some(0)\n  OUT_DIR = Some(/home/server/clawd/projects/PonziLand/.orch/wt/chat-1771572988785/target/debug/build/aws-lc-sys-df9cf652a01d7199/out)\n  TARGET = Some(x86_64-unknown-linux-gnu)\n  HOST = Some(x86_64-unknown-linux-gnu)\n  cargo:rerun-if-env-changed=CC_x86_64-unknown-linux-gnu\n  CC_x86_64-unknown-linux-gnu = None\n  cargo:rerun-if-env-changed=CC_x86_64_unknown_linux_gnu\n  CC_x86_64_unknown_linux_gnu = Some(gcc)\n  cargo:rerun-if-env-changed=CC_KNOWN_WRAPPER_CUSTOM\n  CC_KNOWN_WRAPPER_CUSTOM = None\n  RUSTC_WRAPPER = None\n  cargo:rerun-if-env-changed=CC_ENABLE_DEBUG_OUTPUT\n  cargo:rerun-if-env-changed=CRATE_CC_NO_DEFAULTS\n  CRATE_CC_NO_DEFAULTS = None\n  DEBUG = Some(true)\n  CARGO_CFG_TARGET_FEATURE = Some(fxsr,sse,sse2)\n  cargo:rerun-if-env-changed=CFLAGS\n  CFLAGS = None\n  cargo:rerun-if-env-changed=HOST_CFLAGS\n  HOST_CFLAGS = None\n  cargo:rerun-if-env-changed=CFLAGS_x86_64_unknown_linux_gnu\n  CFLAGS_x86_64_unknown_linux_gnu = None\n  cargo:rerun-if-env-changed=CFLAGS_x86_64-unknown-linux-gnu\n  CFLAGS_x86_64-unknown-linux-gnu = None\n  CARGO_ENCODED_RUSTFLAGS = Some()\n\n  --- stderr\n\n  thread 'main' panicked at /home/server/.cargo/registry/src/index.crates.io-1949cf8c6b5b557f/aws-lc-sys-0.29.0/builder/cc_builder.rs:471:9:\n  COMPILER: gccARGS: [\"-O0\", \"-ffunction-sections\", \"-fdata-sections\", \"-fPIC\", \"-gdwarf-4\", \"-fno-omit-frame-pointer\", \"-m64\", \"-Wall\", \"-Wextra\", \"/home/server/.cargo/registry/src/index.crates.io-1949cf8c6b5b557f/aws-lc-sys-0.29.0/aws-lc/tests/compiler_features_tests/memcmp_invalid_stripped_check.c\", \"-Wno-unused-parameter\", \"-o\", \"/home/server/clawd/projects/PonziLand/.orch/wt/chat-1771572988785/target/debug/build/aws-lc-sys-df9cf652a01d7199/out/memcmp_invalid_stripped_check\"]EXECUTED: trueERROR: /nix/store/7h3qnwgvkw6z2r8lq4j5mks4l6r5x2cq-binutils-2.44/bin/ld: cannot find Scrt1.o: No such file or directory\n  /nix/store/7h3qnwgvkw6z2r8lq4j5mks4l6r5x2cq-binutils-2.44/bin/ld: cannot find crti.o: No such file or directory\n  collect2: error: ld returned 1 exit status\n  OUTPUT: Failed to compile memcmp_invalid_stripped_check\n              \n  note: run with `RUST_BACKTRACE=1` environment variable to display a backtrace\nwarning: build failed, waiting for other jobs to finish..."}}}
{"id":"E-AGENT-SPAWNED-chat-1771572988785-1771573322690883388","task_id":"chat-1771572988785","repo_id":".","at":"2026-02-20T07:42:02.690883388Z","kind":{"agent_spawned":{"model":"codex"}}}
{"id":"E-AGENT-COMPLETED-chat-1771572988785-1771573453756891194","task_id":"chat-1771572988785","repo_id":".","at":"2026-02-20T07:44:13.756891194Z","kind":{"agent_completed":{"model":"codex","success":true,"duration_secs":131}}}
{"id":"E-READY-chat-1771572988785-1771573453766545037","task_id":"chat-1771572988785","repo_id":".","at":"2026-02-20T07:44:13.766545037Z","kind":{"task_state_changed":{"from":"CHATTING","to":"READY"}}}
{"id":"E-VERIFY-START-chat-1771572988785-1771573455778382578","task_id":"chat-1771572988785","repo_id":".","at":"2026-02-20T07:44:15.778382578Z","kind":"verify_started"}
{"id":"E-VERIFY-DONE-chat-1771572988785-1771573455778382578","task_id":"chat-1771572988785","repo_id":".","at":"2026-02-20T07:44:15.778382578Z","kind":{"verify_completed":{"success":false}}}
{"id":"E-RETRY-STATE-chat-1771572988785-1771573455778382578","task_id":"chat-1771572988785","repo_id":".","at":"2026-02-20T07:44:15.778382578Z","kind":{"task_state_changed":{"from":"READY","to":"CHATTING"}}}
{"id":"E-RETRY-chat-1771572988785-1771573455778382578","task_id":"chat-1771572988785","repo_id":".","at":"2026-02-20T07:44:15.778382578Z","kind":{"retry_scheduled":{"attempt":3,"model":"codex","reason":"verify command `nix develop -c cargo test --all-targets --all-features` failed (exit=Some(101))\nstdout: üéÆ PonziLand development environment loaded!\nüìÅ Database URL: postgres://chaindata:chaindata@localhost/chaindata\nüîß Available tools: dojo, scarb, starkli, slot, cargo-nextest, sqlx-cli\nüìú Scripts: nix run .#migrate, nix run .#new-migration\nüêò Database: Run 'dev' to start PostgreSQL with process-compose\nstderr: warning: Git tree '/home/server/clawd/projects/PonziLand/.orch/wt/chat-1771572988785' is dirty\nevaluation warning: buildRustPackage: `useFetchCargoVendor` is non‚Äêoptional and enabled by default as of 25.05, remove it\nbuilding '/nix/store/xhqsyg2zwrrb26qinks7rqjwhywygfkr-nix-shell-env.drv'...\nwarning: /home/server/clawd/projects/PonziLand/.orch/wt/chat-1771572988785/Cargo.toml: unused manifest key: workspace.edition\n   Compiling proc-macro2 v1.0.95\n   Compiling unicode-ident v1.0.18\n   Compiling serde v1.0.219\n   Compiling libc v0.2.172\n   Compiling cfg-if v1.0.0\n   Compiling autocfg v1.4.0\n   Compiling memchr v2.7.4\n   Compiling bytes v1.10.1\n   Compiling quote v1.0.40\n   Compiling pin-project-lite v0.2.16\n   Compiling once_cell v1.21.3\n   Compiling version_check v0.9.5\n   Compiling syn v2.0.101\n   Compiling itoa v1.0.15\n   Compiling equivalent v1.0.2\n   Compiling foldhash v0.1.5\n   Compiling allocator-api2 v0.2.21\n   Compiling subtle v2.6.1\n   Compiling typenum v1.18.0\n   Compiling generic-array v0.14.7\n   Compiling futures-core v0.3.31\n   Compiling jobserver v0.1.33\n   Compiling shlex v1.3.0\n   Compiling socket2 v0.5.10\n   Compiling cc v1.2.25\n   Compiling mio v1.0.4\n   Compiling crypto-common v0.1.6\n   Compiling lock_api v0.4.13\n   Compiling parking_lot_core v0.9.11\n   Compiling getrandom v0.2.16\n   Compiling slab v0.4.9\n   Compiling scopeguard v1.2.0\n   Compiling fnv v1.0.7\n   Compiling block-buffer v0.10.4\n   Compiling digest v0.10.7\n   Compiling zerocopy v0.8.25\n   Compiling futures-io v0.3.31\n   Compiling futures-task v0.3.31\n   Compiling pin-utils v0.1.0\n   Compiling log v0.4.27\n   Compiling ryu v1.0.20\n   Compiling cpufeatures v0.2.17\n   Compiling stable_deref_trait v1.2.0\n   Compiling tracing-core v0.1.33\n   Compiling num-traits v0.2.19\n   Compiling zeroize v1.8.1\n   Compiling sha2 v0.10.9\n   Compiling rand_core v0.6.4\n   Compiling synstructure v0.13.2\n   Compiling signal-hook-registry v1.4.5\n   Compiling ppv-lite86 v0.2.21\n   Compiling futures-sink v0.3.31\n   Compiling percent-encoding v2.3.1\n   Compiling hashbrown v0.15.5\n   Compiling rand_chacha v0.3.1\n   Compiling tower-service v0.3.3\n   Compiling futures-channel v0.3.31\n   Compiling hex v0.4.3\n   Compiling keccak v0.1.5\n   Compiling rustls-pki-types v1.12.0\n   Compiling ring v0.17.14\n   Compiling sha3 v0.10.8\n   Compiling base64 v0.22.1\n   Compiling httparse v1.10.1\n   Compiling serde_derive v1.0.219\n   Compiling tracing-attributes v0.1.28\n   Compiling tokio-macros v2.5.0\n   Compiling zerofrom-derive v0.1.6\n   Compiling yoke-derive v0.8.0\n   Compiling tracing v0.1.41\n   Compiling futures-macro v0.3.31\n   Compiling zerofrom v0.1.6\n   Compiling zerovec-derive v0.11.1\n   Compiling yoke v0.8.0\n   Compiling displaydoc v0.2.5\n   Compiling futures-util v0.3.31\n   Compiling zerovec v0.11.2\n   Compiling tinystr v0.8.1\n   Compiling hmac v0.12.1\n   Compiling http v1.3.1\n   Compiling litemap v0.8.0\n   Compiling writeable v0.6.1\n   Compiling byteorder v1.5.0\n   Compiling icu_locale_core v2.0.0\n   Compiling smallvec v1.15.0\n   Compiling parking_lot v0.12.4\n   Compiling indexmap v2.11.1\n   Compiling tokio v1.45.1\n   Compiling either v1.15.0\n   Compiling potential_utf v0.1.2\n   Compiling zerotrie v0.2.2\n   Compiling num-integer v0.1.46\n   Compiling try-lock v0.2.5\n   Compiling icu_normalizer_data v2.0.0\n   Compiling icu_properties_data v2.0.1\n   Compiling serde_json v1.0.143\n   Compiling want v0.3.1\n   Compiling icu_provider v2.0.0\n   Compiling icu_collections v2.0.0\n   Compiling untrusted v0.9.0\n   Compiling tower-layer v0.3.3\n   Compiling lambdaworks-math v0.10.0\n   Compiling lambdaworks-crypto v0.10.0\n   Compiling form_urlencoded v1.2.1\n   Compiling blake2 v0.10.6\n   Compiling icu_properties v2.0.1\n   Compiling icu_normalizer v2.0.0\n   Compiling http-body v1.0.1\n   Compiling strsim v0.11.1\n   Compiling idna_adapter v1.2.1\n   Compiling utf8_iter v1.0.4\n   Compiling tokio-util v0.7.15\n   Compiling num-bigint v0.4.6\n   Compiling idna v1.0.3\n   Compiling vcpkg v0.2.15\n   Compiling pkg-config v0.3.32\n   Compiling openssl-probe v0.1.6\n   Compiling openssl-sys v0.9.109\n   Compiling crunchy v0.2.3\n   Compiling thiserror v2.0.12\n   Compiling thiserror-impl v2.0.12\n   Compiling static_assertions v1.1.0\n   Compiling bitflags v2.9.1\n   Compiling sync_wrapper v1.0.2\n   Compiling aho-corasick v1.1.3\n   Compiling regex-syntax v0.8.5\n   Compiling ipnet v2.11.0\n   Compiling ident_case v1.0.1\n   Compiling foreign-types-shared v0.1.1\n   Compiling openssl v0.10.73\n   Compiling rustc-hex v2.1.0\n   Compiling adler2 v2.0.0\n   Compiling miniz_oxide v0.8.8\n   Compiling foreign-types v0.3.2\n   Compiling darling_core v0.20.11\n   Compiling openssl-macros v0.1.1\n   Compiling webpki-roots v1.0.0\n   Compiling crc32fast v1.4.2\n   Compiling mime v0.3.17\n   Compiling flate2 v1.1.1\n   Compiling rand v0.8.5\n   Compiling lazy_static v1.5.0\n   Compiling native-tls v0.2.14\n   Compiling rlp v0.5.2\n   Compiling http-body-util v0.1.3\n   Compiling rfc6979 v0.4.0\n   Compiling darling_macro v0.20.11\n   Compiling async-trait v0.1.88\n   Compiling inout v0.1.4\n   Compiling thiserror v1.0.69\n   Compiling serde_json_pythonic v0.1.2\n   Compiling darling v0.20.11\n   Compiling serde_with_macros v3.12.0\n   Compiling cipher v0.4.4\n   Compiling impl-rlp v0.3.0\n   Compiling impl-serde v0.4.0\n   Compiling thiserror-impl v1.0.69\n   Compiling anyhow v1.0.98\n   Compiling tiny-keccak v2.0.2\n   Compiling httpdate v1.0.3\n   Compiling uint v0.9.5\n   Compiling serde_with v3.12.0\n   Compiling starknet-core-derive v0.1.0\n   Compiling serde_urlencoded v0.7.1\n   Compiling cmake v0.1.54\n   Compiling dunce v1.0.5\n   Compiling iri-string v0.7.8\n   Compiling fs_extra v1.3.0\n   Compiling salsa20 v0.10.2\n   Compiling pbkdf2 v0.11.0\n   Compiling scrypt v0.10.0\n   Compiling aws-lc-sys v0.29.0\n   Compiling ctr v0.9.2\n   Compiling aes v0.8.4\n   Compiling starknet-types-core v0.2.0\n   Compiling uuid v0.8.2\n   Compiling auto_impl v1.3.0\n   Compiling rustversion v1.0.21\n   Compiling starknet-curve v0.6.0\n   Compiling crypto-bigint v0.5.5\n   Compiling aws-lc-rs v1.13.1\n   Compiling atomic-waker v1.1.2\n   Compiling h2 v0.4.10\n   Compiling starknet-crypto v0.8.1\n   Compiling base64 v0.21.7\n   Compiling starknet-core v0.16.0\n   Compiling hyper v1.6.0\n   Compiling url v2.5.4\n   Compiling hyper-util v0.1.13\n   Compiling regex-automata v0.4.9\n   Compiling tower v0.5.2\n   Compiling rustls v0.23.27\n   Compiling base16ct v0.2.0\n   Compiling getrandom v0.3.3\n   Compiling serdect v0.2.0\n   Compiling regex v1.11.1\n   Compiling fixed-hash v0.8.0\n   Compiling rustls-native-certs v0.8.1\n   Compiling itertools v0.14.0\n   Compiling heck v0.5.0\n   Compiling tokio-native-tls v0.3.1\n   Compiling hyper-tls v0.6.0\n   Compiling starknet-macros v0.2.5\n   Compiling primitive-types v0.12.2\n   Compiling ethbloom v0.13.0\n   Compiling tower-http v0.6.5\n   Compiling indexmap v1.9.3\n   Compiling encoding_rs v0.8.35\n   Compiling iana-time-zone v0.1.63\n   Compiling ethereum-types v0.14.1\n   Compiling eth-keystore v0.5.0\n   Compiling hashbrown v0.12.3\n   Compiling syn v1.0.109\n   Compiling rustls-webpki v0.103.3\n   Compiling fixedbitset v0.5.7\n   Compiling crossbeam-utils v0.8.21\n   Compiling unicode-segmentation v1.12.0\n   Compiling prettyplease v0.2.33\n   Compiling convert_case v0.8.0\n   Compiling petgraph v0.7.1\n   Compiling starknet-signers v0.14.0\n   Compiling tokio-rustls v0.26.2\n   Compiling chrono v0.4.41\n   Compiling hyper-rustls v0.27.6\n   Compiling itertools v0.12.1\n   Compiling serde_derive_internals v0.29.1\n   Compiling matrixmultiply v0.3.10\n   Compiling siphasher v1.0.1\n   Compiling schemars v0.8.22\n   Compiling phf_shared v0.11.3\n   Compiling prost-derive v0.12.6\n   Compiling reqwest v0.12.19\n   Compiling schemars_derive v0.8.22\n   Compiling tokio-stream v0.1.17\n   Compiling term v1.2.0\n   Compiling utf8parse v0.2.2\n   Compiling heck v0.4.1\n   Compiling same-file v1.0.6\n   Compiling new_debug_unreachable v1.0.6\n   Compiling precomputed-hash v0.1.1\n   Compiling bit-vec v0.8.0\n   Compiling rawpointer v0.2.1\n   Compiling dyn-clone v1.0.19\n   Compiling bit-set v0.8.0\n   Compiling string_cache v0.8.9\n   Compiling walkdir v2.5.0\n   Compiling ascii-canvas v4.0.0\n   Compiling anstyle-parse v0.2.6\n   Compiling starknet-providers v0.16.0\n   Compiling lalrpop-util v0.22.2\n   Compiling ena v0.14.3\n   Compiling smol_str v0.3.2\n   Compiling num-complex v0.4.6\n   Compiling http v0.2.12\n   Compiling anstyle-query v1.1.2\n   Compiling unicode-xid v0.2.6\n   Compiling colorchoice v1.0.3\n   Compiling anstyle v1.0.10\n   Compiling pico-args v0.5.0\n   Compiling is_terminal_polyfill v1.70.1\n   Compiling anstream v0.6.18\n   Compiling lalrpop v0.22.2\n   Compiling ndarray v0.16.1\n   Compiling cairo-lang-utils v2.12.3\n   Compiling clap_lex v0.7.4\n   Compiling rustix v1.0.7\n   Compiling parking v2.2.1\n   Compiling clap_builder v4.5.39\n   Compiling starknet-accounts v0.16.0\n   Compiling starknet-contract v0.16.0\n   Compiling sprs v0.11.3\n   Compiling cairo-lang-sierra v2.12.3\n   Compiling http-body v0.4.6\n   Compiling rust-analyzer-salsa-macros v0.17.0-pre.6\n   Compiling clap_derive v4.5.32\n   Compiling triomphe v0.1.15\n   Compiling oorandom v11.1.5\n   Compiling rustc-hash v1.1.0\n   Compiling libm v0.2.15\n   Compiling camino v1.1.9\n   Compiling linux-raw-sys v0.9.4\n   Compiling rust-analyzer-salsa v0.17.0-pre.6\n   Compiling clap v4.5.39\n   Compiling microlp v0.2.11\n   Compiling starknet v0.17.0\n   Compiling derivative v2.2.0\n   Compiling matchers v0.2.0\n   Compiling sharded-slab v0.1.7\n   Compiling tracing-serde v0.2.0\n   Compiling async-stream-impl v0.3.6\n   Compiling tracing-log v0.2.0\n   Compiling proc-macro-error-attr v1.0.4\n   Compiling thread_local v1.1.8\n   Compiling bigdecimal v0.4.8\n   Compiling nu-ansi-term v0.50.1\n   Compiling fastrand v2.3.0\n   Compiling const-fnv1a-hash v1.1.0\n   Compiling tracing-subscriber v0.3.20\n   Compiling tempfile v3.20.0\n   Compiling async-stream v0.3.6\n   Compiling good_lp v1.14.0\n   Compiling h2 v0.3.26\n   Compiling prost-derive v0.13.5\n   Compiling axum-core v0.3.4\n   Compiling pin-project-internal v1.1.10\n   Compiling proc-macro-error v1.0.4\n   Compiling rustls v0.22.4\n   Compiling multimap v0.10.1\n   Compiling hyper v0.14.32\n   Compiling pin-project v1.1.10\n   Compiling prost v0.13.5\n   Compiling cairo-lang-sierra-type-size v2.12.3\n   Compiling cairo-lang-eq-solver v2.12.3\n   Compiling cainome-parser v0.6.0\n   Compiling cainome-cairo-serde v0.4.0\n   Compiling prost v0.12.6\n   Compiling axum v0.6.20\n   Compiling rustls-webpki v0.102.8\n   Compiling fixedbitset v0.4.2\n   Compiling tinyvec_macros v0.1.1\n   Compiling crc-catalog v2.4.0\n   Compiling crc v3.3.0\n   Compiling petgraph v0.6.5\n   Compiling tinyvec v1.9.0\n   Compiling prost-types v0.12.6\n   Compiling cainome-rs v0.5.0\n   Compiling prost-types v0.13.5\n   Compiling tower v0.4.13\n   Compiling concurrent-queue v2.5.0\n   Compiling unzip-n v0.1.2\n   Compiling tokio-io-timeout v1.2.0\n   Compiling futures-intrusive v0.5.0\n   Compiling toml_datetime v0.6.9\n   Compiling serde_spanned v0.6.8\n   Compiling rustls-pemfile v2.2.0\n   Compiling bitflags v1.3.2\n   Compiling matchit v0.7.3\n   Compiling sync_wrapper v0.1.2\n   Compiling indoc v2.0.6\n   Compiling winnow v0.7.10\n   Compiling toml_write v0.1.1\n   Compiling cairo-lang-casm v2.12.3\n   Compiling toml_edit v0.22.26\n   Compiling rustls-native-certs v0.7.3\n   Compiling hyper-timeout v0.4.1\n   Compiling cainome-cairo-serde-derive v0.1.0\n   Compiling event-listener v5.4.0\n   Compiling prost-build v0.13.5\n   Compiling tokio-rustls v0.25.0\n   Compiling cainome-rs-macro v0.5.0\n   Compiling prost-build v0.12.6\n   Compiling unicode-normalization v0.1.24\n   Compiling cairo-lang-sierra-gas v2.12.3\n   Compiling cairo-lang-sierra-ap-change v2.12.3\n   Compiling clap_complete v4.5.52\n   Compiling rand_core v0.9.3\n   Compiling webpki-roots v0.26.11\n   Compiling futures-executor v0.3.31\n   Compiling assert_matches v1.5.0\n   Compiling unicode-properties v0.1.3\n   Compiling unicode-bidi v0.3.18\n   Compiling stringprep v0.1.5\n   Compiling cairo-lang-sierra-to-casm v2.12.3\n   Compiling futures v0.3.31\n   Compiling tonic v0.11.0\n   Compiling tonic-build v0.11.0\n   Compiling toml v0.8.22\n   Compiling tonic-build v0.12.3\n   Compiling crossbeam-queue v0.3.12\n   Compiling strum_macros v0.25.3\n   Compiling hkdf v0.12.4\n   Compiling hashlink v0.10.0\n   Compiling md-5 v0.10.6\n   Compiling strum v0.25.0\n   Compiling home v0.5.11\n   Compiling dotenvy v0.15.7\n   Compiling uuid v1.17.0\n   Compiling whoami v1.6.0\n   Compiling sqlx-core v0.8.6\n   Compiling torii-proto v1.7.3 (https://github.com/dojoengine/torii.git?tag=v1.7.3#0155915d)\n   Compiling cairo-lang-starknet-classes v2.12.3\n   Compiling rand_chacha v0.9.0\n   Compiling atoi v2.0.0\n   Compiling hex-literal v0.4.1\n   Compiling http-range-header v0.3.1\n   Compiling tower-http v0.4.4\n   Compiling sqlx-postgres v0.8.6\n   Compiling rand v0.9.1\n   Compiling tonic-reflection v0.11.0\n   Compiling sqlx-macros-core v0.8.6\n   Compiling tonic-web v0.11.0\n   Compiling ordered-float v2.10.1\n   Compiling serde-value v0.7.0\n   Compiling sqlx-macros v0.8.6\n   Compiling serde-aux v4.7.0\n   Compiling uint v0.10.0\n   Compiling bigdecimal v0.3.1\n   Compiling cainome v0.10.0\n   Compiling migrations v0.1.0 (/home/server/clawd/projects/PonziLand/.orch/wt/chat-1771572988785/crates/migrations)\n   Compiling dojo-types v1.7.0 (https://github.com/dojoengine/dojo?rev=6daa3d0#6daa3d0d)\n   Compiling ahash v0.8.12\n   Compiling price-provider v0.1.0 (/home/server/clawd/projects/PonziLand/.orch/wt/chat-1771572988785/crates/price-provider)\n   Compiling dojo-world v1.7.0 (https://github.com/dojoengine/dojo?rev=6daa3d0#6daa3d0d)\n   Compiling crossbeam-epoch v0.9.18\n   Compiling raw-cpuid v11.5.0\n   Compiling quanta v0.12.5\n   Compiling metrics v0.24.2\n   Compiling rand_xoshiro v0.7.0\n   Compiling safe_decimal_core v0.1.1 (https://github.com/invariant-labs/decimal.git#680e3887)\n   Compiling integer-sqrt v0.1.5\n   Compiling sketches-ddsketch v0.3.0\n   Compiling metrics-util v0.19.1\n   Compiling safe_decimal_macro v0.1.4 (https://github.com/invariant-labs/decimal.git#680e3887)\n   Compiling ekubo_sdk v0.1.20\n   Compiling sqlx v0.8.6\n   Compiling ulid v1.2.1\n   Compiling assert-json-diff v2.0.2\n   Compiling trait-variant v0.1.2\n   Compiling sha1 v0.10.6\n   Compiling torii-grpc-client v1.7.3 (https://github.com/dojoengine/torii.git?tag=v1.7.3#0155915d)\n   Compiling portable-atomic v1.11.0\n   Compiling colored v3.0.0\n   Compiling futures-timer v3.0.3\n   Compiling torii-client v1.7.3 (https://github.com/dojoengine/torii.git?tag=v1.7.3#0155915d)\n   Compiling utf-8 v0.7.6\n   Compiling similar v2.7.0\n   Compiling data-encoding v2.9.0\n   Compiling torii-ingester v0.1.0 (/home/server/clawd/projects/PonziLand/.orch/wt/chat-1771572988785/crates/torii-ingester)\nerror[E0631]: type mismatch in function arguments\n   --> crates/torii-ingester/src/torii_client.rs:385:14\n    |\n385 |         .map(chrono::NaiveDateTime::and_utc)\n    |          --- ^^^^^^^^^^^^^^^^^^^^^^^^^^^^^^\n    |          |   |\n    |          |   expected due to this\n    |          |   found signature defined here\n    |          required by a bound introduced by this call\n    |\n    = note: expected function signature `fn(NaiveDateTime) -> _`\n               found function signature `fn(&NaiveDateTime) -> _`\nnote: required by a bound in `Result::<T, E>::map`\n   --> /nix/store/ycpkhkfri66mf4s8k77cngybiwsdbnha-rust-stable-with-components-2025-09-18/lib/rustlib/src/rust/library/core/src/result.rs:799:22\n    |\n799 |     pub fn map<U, F: FnOnce(T) -> U>(self, op: F) -> Result<U, E> {\n    |                      ^^^^^^^^^^^^^^ required by this bound in `Result::<T, E>::map`\nhelp: consider wrapping the function in a closure\n    |\n385 |         .map(|arg0: NaiveDateTime| chrono::NaiveDateTime::and_utc(&arg0))\n    |              +++++++++++++++++++++                               +++++++\n\nFor more information about this error, try `rustc --explain E0631`.\nerror: could not compile `torii-ingester` (lib) due to 1 previous error\nwarning: build failed, waiting for other jobs to finish..."}}}
{"id":"E-AGENT-SPAWNED-chat-1771572988785-1771573606961930017","task_id":"chat-1771572988785","repo_id":".","at":"2026-02-20T07:46:46.961930017Z","kind":{"agent_spawned":{"model":"codex"}}}
{"id":"E-AGENT-COMPLETED-chat-1771572988785-1771573798299655938","task_id":"chat-1771572988785","repo_id":".","at":"2026-02-20T07:49:58.299655938Z","kind":{"agent_completed":{"model":"codex","success":true,"duration_secs":191}}}
{"id":"E-READY-chat-1771572988785-1771573798329257280","task_id":"chat-1771572988785","repo_id":".","at":"2026-02-20T07:49:58.329257280Z","kind":{"task_state_changed":{"from":"CHATTING","to":"READY"}}}
{"id":"E-VERIFY-START-chat-1771572988785-1771573800349638698","task_id":"chat-1771572988785","repo_id":".","at":"2026-02-20T07:50:00.349638698Z","kind":"verify_started"}
{"id":"E-VERIFY-DONE-chat-1771572988785-1771573800349638698","task_id":"chat-1771572988785","repo_id":".","at":"2026-02-20T07:50:00.349638698Z","kind":{"verify_completed":{"success":false}}}
{"id":"E-FAILED-chat-1771572988785-1771573800349638698","task_id":"chat-1771572988785","repo_id":".","at":"2026-02-20T07:50:00.349638698Z","kind":{"task_failed":{"reason":"verify command `nix develop -c cargo test --all-targets --all-features` failed (exit=Some(101))\nstdout: üéÆ PonziLand development environment loaded!\nüìÅ Database URL: postgres://chaindata:chaindata@localhost/chaindata\nüîß Available tools: dojo, scarb, starkli, slot, cargo-nextest, sqlx-cli\nüìú Scripts: nix run .#migrate, nix run .#new-migration\nüêò Database: Run 'dev' to start PostgreSQL with process-compose\n\nrunning 8 tests\ntest tests::test_parse_token_address ... ok\ntest tests::test_avnu_api_format_and_pair_ratio_parsing ... ok\ntest tests::test_division_by_zero ... ok\ntest tests::test_real_avnu_api_integration ... ignored, Real integration test - requires network access\ntest tests::test_provider_creation ... ok\ntest tests::test_paging_with_many_tokens ... ok\ntest tests::test_token_not_found ... ok\ntest tests::test_reference_token_not_found ... ok\n\ntest result: ok. 7 passed; 0 failed; 1 ignored; 0 measured; 0 filtered out; finished in 0.10s\n\n\nrunning 13 tests\ntest events::id::tests::test_event_id_creation_and_string_repr ... ok\ntest events::id::tests::test_equality_and_hashing ... ok\ntest events::id::tests::test_fromstr_implementation ... ok\ntest events::id::tests::test_ordering ... ok\ntest events::id::tests::test_serde_attributes ... ok\ntest events::id::tests::test_sqlx_implementation ... ok\ntest events::id::tests::test_torii_parsing ... ok\ntest shared::u256::tests::sqlx_test_u256_db_conversion ... ignored, Test is using a database, only running it if wanted.\ntest models::auction::tests::converts_raw_auction_model ... ok\ntest shared::u256::tests::test_bigdecimal_from_u256 ... ok\ntest shared::u256::tests::test_edge_cases ... ok\ntest shared::u256::tests::test_bigdecimal_with_exponent_to_u256 ... ok\ntest shared::u256::tests::test_u256_from_bigdecimal ... ok\n\ntest result: ok. 12 passed; 0 failed; 1 ignored; 0 measured; 0 filtered out; finished in 0.00s\n\n\nrunning 4 tests\ntest land::tests::test_land_versioning ... FAILED\ntest land::tests::test_save_and_get_land ... FAILED\ntest land_stake::tests::test_save_and_get_land_stake ... FAILED\ntest land_stake::tests::test_land_stake_versioning ... FAILED\n\nfailures:\n\n---- land::tests::test_land_versioning stdout ----\n\nthread 'land::tests::test_land_versioning' panicked at /home/server/.cargo/registry/src/index.crates.io-1949cf8c6b5b557f/sqlx-core-0.8.6/src/testing/mod.rs:226:14:\nfailed to connect to setup test database: PoolTimedOut\n\n---- land::tests::test_save_and_get_land stdout ----\n\nthread 'land::tests::test_save_and_get_land' panicked at /home/server/.cargo/registry/src/index.crates.io-1949cf8c6b5b557f/sqlx-core-0.8.6/src/testing/mod.rs:226:14:\nfailed to connect to setup test database: PoolTimedOut\n\n---- land_stake::tests::test_save_and_get_land_stake stdout ----\n\nthread 'land_stake::tests::test_save_and_get_land_stake' panicked at /home/server/.cargo/registry/src/index.crates.io-1949cf8c6b5b557f/sqlx-core-0.8.6/src/testing/mod.rs:226:14:\nfailed to connect to setup test database: PoolTimedOut\nnote: run with `RUST_BACKTRACE=1` environment variable to display a backtrace\n\n---- land_stake::tests::test_land_stake_versioning stdout ----\n\nthread 'land_stake::tests::test_land_stake_versioning' panicked at /home/server/.cargo/registry/src/index.crates.io-1949cf8c6b5b557f/sqlx-core-0.8.6/src/testing/mod.rs:226:14:\nfailed to connect to setup test database: PoolTimedOut\n\n\nfailures:\n    land::tests::test_land_versioning\n    land::tests::test_save_and_get_land\n    land_stake::tests::test_land_stake_versioning\n    land_stake::tests::test_save_and_get_land_stake\n\ntest result: FAILED. 0 passed; 4 failed; 0 ignored; 0 measured; 0 filtered out; finished in 30.00s\nstderr: warning: Git tree '/home/server/clawd/projects/PonziLand/.orch/wt/chat-1771572988785' is dirty\nevaluation warning: buildRustPackage: `useFetchCargoVendor` is non‚Äêoptional and enabled by default as of 25.05, remove it\nwarning: /home/server/clawd/projects/PonziLand/.orch/wt/chat-1771572988785/Cargo.toml: unused manifest key: workspace.edition\n   Compiling ring v0.17.14\n   Compiling openssl-sys v0.9.109\n   Compiling aws-lc-sys v0.29.0\n   Compiling openssl v0.10.73\n   Compiling native-tls v0.2.14\n   Compiling tokio-native-tls v0.3.1\n   Compiling hyper-tls v0.6.0\n   Compiling sqlx-core v0.8.6\n   Compiling rustls v0.23.27\n   Compiling rustls v0.22.4\n   Compiling rustls-webpki v0.103.3\n   Compiling rustls-webpki v0.102.8\n   Compiling sqlx-postgres v0.8.6\n   Compiling tokio-rustls v0.26.2\n   Compiling hyper-rustls v0.27.6\n   Compiling reqwest v0.12.19\n   Compiling tokio-rustls v0.25.0\n   Compiling starknet-providers v0.16.0\n   Compiling tonic v0.11.0\n   Compiling sqlx-macros-core v0.8.6\n   Compiling sqlx-macros v0.8.6\n   Compiling tonic-reflection v0.11.0\n   Compiling tonic-web v0.11.0\n   Compiling starknet-accounts v0.16.0\n   Compiling starknet-contract v0.16.0\n   Compiling starknet v0.17.0\n   Compiling cainome-parser v0.6.0\n   Compiling cainome-cairo-serde v0.4.0\n   Compiling cainome-rs v0.5.0\n   Compiling sqlx v0.8.6\n   Compiling migrations v0.1.0 (/home/server/clawd/projects/PonziLand/.orch/wt/chat-1771572988785/crates/migrations)\n   Compiling cainome-rs-macro v0.5.0\n   Compiling aws-lc-rs v1.13.1\n   Compiling metrics-exporter-prometheus v0.16.2\n   Compiling price-provider v0.1.0 (/home/server/clawd/projects/PonziLand/.orch/wt/chat-1771572988785/crates/price-provider)\n   Compiling ekubo v0.1.0 (/home/server/clawd/projects/PonziLand/.orch/wt/chat-1771572988785/crates/ekubo)\n   Compiling avnu-pricing v0.1.0 (/home/server/clawd/projects/PonziLand/.orch/wt/chat-1771572988785/crates/avnu-pricing)\n   Compiling cainome v0.10.0\n   Compiling dojo-types v1.7.0 (https://github.com/dojoengine/dojo?rev=6daa3d0#6daa3d0d)\n   Compiling dojo-world v1.7.0 (https://github.com/dojoengine/dojo?rev=6daa3d0#6daa3d0d)\n   Compiling torii-proto v1.7.3 (https://github.com/dojoengine/torii.git?tag=v1.7.3#0155915d)\n   Compiling torii-grpc-client v1.7.3 (https://github.com/dojoengine/torii.git?tag=v1.7.3#0155915d)\n   Compiling torii-client v1.7.3 (https://github.com/dojoengine/torii.git?tag=v1.7.3#0155915d)\n   Compiling torii-ingester v0.1.0 (/home/server/clawd/projects/PonziLand/.orch/wt/chat-1771572988785/crates/torii-ingester)\n   Compiling ponziland-models v0.1.0 (/home/server/clawd/projects/PonziLand/.orch/wt/chat-1771572988785/crates/ponziland-models)\n   Compiling chaindata-models v0.1.0 (/home/server/clawd/projects/PonziLand/.orch/wt/chat-1771572988785/crates/chaindata/models)\n   Compiling chaindata-repository v0.1.0 (/home/server/clawd/projects/PonziLand/.orch/wt/chat-1771572988785/crates/chaindata/repository)\n   Compiling chaindata-service v0.1.0 (/home/server/clawd/projects/PonziLand/.orch/wt/chat-1771572988785/crates/chaindata/service)\n   Compiling indexer v0.1.0 (/home/server/clawd/projects/PonziLand/.orch/wt/chat-1771572988785/crates/indexer)\n    Finished `test` profile [unoptimized + debuginfo] target(s) in 1m 14s\n     Running unittests src/lib.rs (target/debug/deps/avnu_pricing-48e241ee75f8e0b1)\n     Running unittests src/lib.rs (target/debug/deps/chaindata_models-b6a46529aa814db4)\n     Running unittests src/lib.rs (target/debug/deps/chaindata_repository-40b6900aae647f9d)\nerror: test failed, to rerun pass `-p chaindata-repository --lib` (max retries reached: 3/3)","is_final":true}}}
